[2026-04-19T00:08:45.229Z] [INFO]: Login notification email sent:
[2026-04-19T08:55:38.600Z] [INFO]: API expiry cron job loaded successfully.
[2026-04-19T08:55:38.602Z] [INFO]: Escrow job queue loaded successfully.
[2026-04-19T08:55:38.628Z] [INFO]: Darkshop product maintenance job started.
[2026-04-19T08:55:38.630Z] [INFO]: Darkshop pending-order worker started.
[2026-04-19T08:55:38.631Z] [INFO]: [EscrowWorker] Started — checks every 5 minutes
[2026-04-19T08:55:38.631Z] [INFO]: Escrow release worker started.
[2026-04-19T08:55:38.636Z] [INFO]: Server started on http://localhost:8000
[2026-04-19T08:55:40.297Z] [INFO]: Transporter is ready to send emails
[2026-04-19T08:55:43.252Z] [INFO]: API expiry alert sent to admin:
[2026-04-19T08:55:47.254Z] [INFO]: API expiry alert sent to admin:
[2026-04-19T08:55:57.114Z] [INFO]: API expiry cron job loaded successfully.
[2026-04-19T08:55:57.115Z] [INFO]: Escrow job queue loaded successfully.
[2026-04-19T08:55:57.133Z] [INFO]: Darkshop product maintenance job started.
[2026-04-19T08:55:57.135Z] [INFO]: Darkshop pending-order worker started.
[2026-04-19T08:55:57.136Z] [INFO]: [EscrowWorker] Started — checks every 5 minutes
[2026-04-19T08:55:57.137Z] [INFO]: Escrow release worker started.
[2026-04-19T08:55:57.140Z] [INFO]: Server started on http://localhost:8000
[2026-04-19T08:55:59.034Z] [INFO]: Transporter is ready to send emails
[2026-04-19T08:56:02.688Z] [INFO]: API expiry alert sent to admin:
[2026-04-19T08:56:05.475Z] [INFO]: API expiry alert sent to admin:
[2026-04-19T08:56:50.048Z] [INFO]: API expiry cron job loaded successfully.
[2026-04-19T08:56:50.049Z] [INFO]: Escrow job queue loaded successfully.
[2026-04-19T08:56:50.068Z] [INFO]: Darkshop product maintenance job started.
[2026-04-19T08:56:50.070Z] [INFO]: Darkshop pending-order worker started.
[2026-04-19T08:56:50.071Z] [INFO]: [EscrowWorker] Started — checks every 5 minutes
[2026-04-19T08:56:50.071Z] [INFO]: Escrow release worker started.
[2026-04-19T08:56:50.074Z] [INFO]: Server started on http://localhost:8000
[2026-04-19T08:56:51.339Z] [INFO]: Transporter is ready to send emails
[2026-04-19T08:56:53.891Z] [INFO]: API expiry alert sent to admin:
[2026-04-19T08:56:56.410Z] [INFO]: API expiry alert sent to admin:
[2026-04-19T09:02:09.623Z] [INFO]: API expiry cron job loaded successfully.
[2026-04-19T09:02:09.624Z] [INFO]: Escrow job queue loaded successfully.
[2026-04-19T09:02:09.644Z] [INFO]: Darkshop product maintenance job started.
[2026-04-19T09:02:09.646Z] [INFO]: Darkshop pending-order worker started.
[2026-04-19T09:02:09.651Z] [INFO]: [EscrowWorker] Started — checks every 5 minutes
[2026-04-19T09:02:09.652Z] [INFO]: Escrow release worker started.
[2026-04-19T09:02:09.655Z] [INFO]: Server started on http://localhost:8000
[2026-04-19T09:02:10.710Z] [INFO]: Transporter is ready to send emails
[2026-04-19T09:02:14.485Z] [INFO]: API expiry alert sent to admin:
[2026-04-19T09:02:17.058Z] [INFO]: API expiry alert sent to admin:
[2026-04-19T09:03:32.813Z] [INFO]: API expiry cron job loaded successfully.
[2026-04-19T09:03:32.815Z] [INFO]: Escrow job queue loaded successfully.
[2026-04-19T09:03:32.838Z] [INFO]: Darkshop product maintenance job started.
[2026-04-19T09:03:32.840Z] [INFO]: Darkshop pending-order worker started.
[2026-04-19T09:03:32.842Z] [INFO]: [EscrowWorker] Started — checks every 5 minutes
[2026-04-19T09:03:32.843Z] [INFO]: Escrow release worker started.
[2026-04-19T09:03:32.846Z] [INFO]: Server started on http://localhost:8000
[2026-04-19T09:03:34.633Z] [INFO]: Transporter is ready to send emails
[2026-04-19T09:03:37.453Z] [INFO]: API expiry alert sent to admin:
[2026-04-19T09:03:39.974Z] [INFO]: API expiry alert sent to admin:
[2026-04-19T09:05:46.049Z] [INFO]: API expiry cron job loaded successfully.
[2026-04-19T09:05:46.053Z] [INFO]: Escrow job queue loaded successfully.
[2026-04-19T09:05:46.074Z] [INFO]: Darkshop product maintenance job started.
[2026-04-19T09:05:46.076Z] [INFO]: Darkshop pending-order worker started.
[2026-04-19T09:05:46.079Z] [INFO]: [EscrowWorker] Started — checks every 5 minutes
[2026-04-19T09:05:46.079Z] [INFO]: Escrow release worker started.
[2026-04-19T09:05:46.082Z] [INFO]: Server started on http://localhost:8000
[2026-04-19T09:05:47.567Z] [INFO]: Transporter is ready to send emails
[2026-04-19T09:05:50.665Z] [INFO]: API expiry alert sent to admin:
[2026-04-19T09:05:53.583Z] [INFO]: API expiry alert sent to admin:
[2026-04-19T09:06:03.794Z] [INFO]: API expiry cron job loaded successfully.
[2026-04-19T09:06:03.795Z] [INFO]: Escrow job queue loaded successfully.
[2026-04-19T09:06:03.815Z] [INFO]: Darkshop product maintenance job started.
[2026-04-19T09:06:03.822Z] [INFO]: Darkshop pending-order worker started.
[2026-04-19T09:06:03.824Z] [INFO]: [EscrowWorker] Started — checks every 5 minutes
[2026-04-19T09:06:03.824Z] [INFO]: Escrow release worker started.
[2026-04-19T09:06:03.827Z] [INFO]: Server started on http://localhost:8000
[2026-04-19T09:06:05.935Z] [INFO]: Transporter is ready to send emails
[2026-04-19T09:06:08.969Z] [INFO]: API expiry alert sent to admin:
[2026-04-19T09:06:11.435Z] [INFO]: API expiry alert sent to admin:
[2026-04-19T09:06:15.880Z] [INFO]: API expiry cron job loaded successfully.
[2026-04-19T09:06:15.882Z] [INFO]: Escrow job queue loaded successfully.
[2026-04-19T09:06:15.908Z] [INFO]: Darkshop product maintenance job started.
[2026-04-19T09:06:15.911Z] [INFO]: Darkshop pending-order worker started.
[2026-04-19T09:06:15.915Z] [INFO]: [EscrowWorker] Started — checks every 5 minutes
[2026-04-19T09:06:15.915Z] [INFO]: Escrow release worker started.
[2026-04-19T09:06:15.921Z] [INFO]: Server started on http://localhost:8000
[2026-04-19T09:06:17.095Z] [INFO]: Transporter is ready to send emails
[2026-04-19T09:06:19.938Z] [INFO]: API expiry alert sent to admin:
[2026-04-19T09:06:22.874Z] [INFO]: API expiry alert sent to admin:
[2026-04-19T09:06:26.312Z] [INFO]: API expiry cron job loaded successfully.
[2026-04-19T09:06:26.313Z] [INFO]: Escrow job queue loaded successfully.
[2026-04-19T09:06:26.341Z] [INFO]: Darkshop product maintenance job started.
[2026-04-19T09:06:26.344Z] [INFO]: Darkshop pending-order worker started.
[2026-04-19T09:06:26.346Z] [INFO]: [EscrowWorker] Started — checks every 5 minutes
[2026-04-19T09:06:26.346Z] [INFO]: Escrow release worker started.
[2026-04-19T09:06:26.350Z] [INFO]: Server started on http://localhost:8000
[2026-04-19T09:06:27.959Z] [INFO]: Transporter is ready to send emails
[2026-04-19T09:06:32.987Z] [INFO]: API expiry alert sent to admin:
[2026-04-19T09:06:36.481Z] [INFO]: API expiry cron job loaded successfully.
[2026-04-19T09:06:36.484Z] [INFO]: Escrow job queue loaded successfully.
[2026-04-19T09:06:36.509Z] [INFO]: Darkshop product maintenance job started.
[2026-04-19T09:06:36.512Z] [INFO]: Darkshop pending-order worker started.
[2026-04-19T09:06:36.514Z] [INFO]: [EscrowWorker] Started — checks every 5 minutes
[2026-04-19T09:06:36.514Z] [INFO]: Escrow release worker started.
[2026-04-19T09:06:36.519Z] [INFO]: Server started on http://localhost:8000
[2026-04-19T09:06:38.704Z] [INFO]: Transporter is ready to send emails
[2026-04-19T09:06:42.139Z] [INFO]: API expiry alert sent to admin:
[2026-04-19T09:06:45.648Z] [INFO]: API expiry alert sent to admin:
[2026-04-19T09:06:57.011Z] [INFO]: API expiry cron job loaded successfully.
[2026-04-19T09:06:57.012Z] [INFO]: Escrow job queue loaded successfully.
[2026-04-19T09:06:57.035Z] [INFO]: Darkshop product maintenance job started.
[2026-04-19T09:06:57.038Z] [INFO]: Darkshop pending-order worker started.
[2026-04-19T09:06:57.040Z] [INFO]: [EscrowWorker] Started — checks every 5 minutes
[2026-04-19T09:06:57.040Z] [INFO]: Escrow release worker started.
[2026-04-19T09:06:57.046Z] [INFO]: Server started on http://localhost:8000
[2026-04-19T09:06:58.992Z] [INFO]: Transporter is ready to send emails
[2026-04-19T09:07:02.134Z] [INFO]: API expiry alert sent to admin:
[2026-04-19T09:07:04.975Z] [INFO]: API expiry alert sent to admin:
[2026-04-19T09:07:09.031Z] [INFO]: API expiry cron job loaded successfully.
[2026-04-19T09:07:09.032Z] [INFO]: Escrow job queue loaded successfully.
[2026-04-19T09:07:09.054Z] [INFO]: Darkshop product maintenance job started.
[2026-04-19T09:07:09.057Z] [INFO]: Darkshop pending-order worker started.
[2026-04-19T09:07:09.059Z] [INFO]: [EscrowWorker] Started — checks every 5 minutes
[2026-04-19T09:07:09.059Z] [INFO]: Escrow release worker started.
[2026-04-19T09:07:09.066Z] [INFO]: Server started on http://localhost:8000
[2026-04-19T09:07:10.280Z] [INFO]: Transporter is ready to send emails
[2026-04-19T09:07:13.070Z] [INFO]: API expiry alert sent to admin:
[2026-04-19T09:07:15.490Z] [INFO]: API expiry alert sent to admin:
[2026-04-19T09:07:17.798Z] [INFO]: API expiry cron job loaded successfully.
[2026-04-19T09:07:17.799Z] [INFO]: Escrow job queue loaded successfully.
[2026-04-19T09:07:17.817Z] [INFO]: Darkshop product maintenance job started.
[2026-04-19T09:07:17.820Z] [INFO]: Darkshop pending-order worker started.
[2026-04-19T09:07:17.826Z] [INFO]: [EscrowWorker] Started — checks every 5 minutes
[2026-04-19T09:07:17.826Z] [INFO]: Escrow release worker started.
[2026-04-19T09:07:17.830Z] [INFO]: Server started on http://localhost:8000
[2026-04-19T09:07:18.980Z] [INFO]: Transporter is ready to send emails
[2026-04-19T09:07:22.310Z] [INFO]: API expiry alert sent to admin:
[2026-04-19T09:07:26.361Z] [INFO]: API expiry alert sent to admin:
[2026-04-19T09:07:37.561Z] [INFO]: API expiry cron job loaded successfully.
[2026-04-19T09:07:37.562Z] [INFO]: Escrow job queue loaded successfully.
[2026-04-19T09:07:37.590Z] [INFO]: Darkshop product maintenance job started.
[2026-04-19T09:07:37.592Z] [INFO]: Darkshop pending-order worker started.
[2026-04-19T09:07:37.595Z] [INFO]: [EscrowWorker] Started — checks every 5 minutes
[2026-04-19T09:07:37.596Z] [INFO]: Escrow release worker started.
[2026-04-19T09:07:37.599Z] [INFO]: Server started on http://localhost:8000
[2026-04-19T09:07:38.921Z] [INFO]: Transporter is ready to send emails
[2026-04-19T09:07:42.625Z] [INFO]: API expiry alert sent to admin:
[2026-04-19T09:07:45.492Z] [INFO]: API expiry alert sent to admin:
[2026-04-19T09:08:00.946Z] [INFO]: API expiry cron job loaded successfully.
[2026-04-19T09:08:00.947Z] [INFO]: Escrow job queue loaded successfully.
[2026-04-19T09:08:00.972Z] [INFO]: Darkshop product maintenance job started.
[2026-04-19T09:08:00.975Z] [INFO]: Darkshop pending-order worker started.
[2026-04-19T09:08:00.978Z] [INFO]: [EscrowWorker] Started — checks every 5 minutes
[2026-04-19T09:08:00.978Z] [INFO]: Escrow release worker started.
[2026-04-19T09:08:00.983Z] [INFO]: Server started on http://localhost:8000
[2026-04-19T09:08:02.524Z] [INFO]: Transporter is ready to send emails
[2026-04-19T09:08:07.767Z] [INFO]: API expiry alert sent to admin:
[2026-04-19T09:08:11.204Z] [INFO]: API expiry cron job loaded successfully.
[2026-04-19T09:08:11.205Z] [INFO]: Escrow job queue loaded successfully.
[2026-04-19T09:08:11.228Z] [INFO]: Darkshop product maintenance job started.
[2026-04-19T09:08:11.230Z] [INFO]: Darkshop pending-order worker started.
[2026-04-19T09:08:11.232Z] [INFO]: [EscrowWorker] Started — checks every 5 minutes
[2026-04-19T09:08:11.232Z] [INFO]: Escrow release worker started.
[2026-04-19T09:08:11.238Z] [INFO]: Server started on http://localhost:8000
[2026-04-19T09:08:13.804Z] [INFO]: Transporter is ready to send emails
[2026-04-19T09:08:17.101Z] [INFO]: API expiry alert sent to admin:
[2026-04-19T09:08:19.692Z] [INFO]: API expiry alert sent to admin:
[2026-04-19T09:08:27.902Z] [INFO]: API expiry cron job loaded successfully.
[2026-04-19T09:08:27.904Z] [INFO]: Escrow job queue loaded successfully.
[2026-04-19T09:08:27.924Z] [INFO]: Darkshop product maintenance job started.
[2026-04-19T09:08:27.926Z] [INFO]: Darkshop pending-order worker started.
[2026-04-19T09:08:27.927Z] [INFO]: [EscrowWorker] Started — checks every 5 minutes
[2026-04-19T09:08:27.928Z] [INFO]: Escrow release worker started.
[2026-04-19T09:08:27.931Z] [INFO]: Server started on http://localhost:8000
[2026-04-19T09:08:29.280Z] [INFO]: Transporter is ready to send emails
[2026-04-19T09:08:32.223Z] [INFO]: API expiry alert sent to admin:
[2026-04-19T09:08:35.303Z] [INFO]: API expiry alert sent to admin:
[2026-04-19T09:08:43.024Z] [INFO]: API expiry cron job loaded successfully.
[2026-04-19T09:08:43.026Z] [INFO]: Escrow job queue loaded successfully.
[2026-04-19T09:08:43.047Z] [INFO]: Darkshop product maintenance job started.
[2026-04-19T09:08:43.049Z] [INFO]: Darkshop pending-order worker started.
[2026-04-19T09:08:43.054Z] [INFO]: [EscrowWorker] Started — checks every 5 minutes
[2026-04-19T09:08:43.055Z] [INFO]: Escrow release worker started.
[2026-04-19T09:08:43.059Z] [INFO]: Server started on http://localhost:8000
[2026-04-19T09:08:44.321Z] [INFO]: Transporter is ready to send emails
[2026-04-19T09:08:47.454Z] [INFO]: API expiry alert sent to admin:
[2026-04-19T09:08:50.606Z] [INFO]: API expiry alert sent to admin:
[2026-04-19T09:09:03.728Z] [INFO]: API expiry cron job loaded successfully.
[2026-04-19T09:09:03.730Z] [INFO]: Escrow job queue loaded successfully.
[2026-04-19T09:09:03.753Z] [INFO]: Darkshop product maintenance job started.
[2026-04-19T09:09:03.756Z] [INFO]: Darkshop pending-order worker started.
[2026-04-19T09:09:03.758Z] [INFO]: [EscrowWorker] Started — checks every 5 minutes
[2026-04-19T09:09:03.758Z] [INFO]: Escrow release worker started.
[2026-04-19T09:09:03.762Z] [INFO]: Server started on http://localhost:8000
[2026-04-19T09:09:05.478Z] [INFO]: Transporter is ready to send emails
[2026-04-19T09:09:13.619Z] [INFO]: API expiry alert sent to admin:
[2026-04-19T09:09:14.775Z] [INFO]: API expiry cron job loaded successfully.
[2026-04-19T09:09:14.777Z] [INFO]: Escrow job queue loaded successfully.
[2026-04-19T09:09:14.796Z] [INFO]: Darkshop product maintenance job started.
[2026-04-19T09:09:14.800Z] [INFO]: Darkshop pending-order worker started.
[2026-04-19T09:09:14.805Z] [INFO]: [EscrowWorker] Started — checks every 5 minutes
[2026-04-19T09:09:14.806Z] [INFO]: Escrow release worker started.
[2026-04-19T09:09:14.809Z] [INFO]: Server started on http://localhost:8000
[2026-04-19T09:09:17.056Z] [INFO]: Transporter is ready to send emails
[2026-04-19T09:09:20.126Z] [INFO]: API expiry alert sent to admin:
[2026-04-19T09:09:23.968Z] [INFO]: API expiry alert sent to admin:
[2026-04-19T09:09:33.475Z] [INFO]: API expiry cron job loaded successfully.
[2026-04-19T09:09:33.478Z] [INFO]: Escrow job queue loaded successfully.
[2026-04-19T09:09:33.512Z] [INFO]: Darkshop product maintenance job started.
[2026-04-19T09:09:33.515Z] [INFO]: Darkshop pending-order worker started.
[2026-04-19T09:09:33.522Z] [INFO]: [EscrowWorker] Started — checks every 5 minutes
[2026-04-19T09:09:33.523Z] [INFO]: Escrow release worker started.
[2026-04-19T09:09:33.528Z] [INFO]: Server started on http://localhost:8000
[2026-04-19T09:09:36.137Z] [INFO]: Transporter is ready to send emails
[2026-04-19T09:09:38.903Z] [INFO]: API expiry alert sent to admin:
[2026-04-19T09:09:41.850Z] [INFO]: API expiry alert sent to admin:
[2026-04-19T09:09:50.685Z] [INFO]: API expiry cron job loaded successfully.
[2026-04-19T09:09:50.687Z] [INFO]: Escrow job queue loaded successfully.
[2026-04-19T09:09:50.721Z] [INFO]: Darkshop product maintenance job started.
[2026-04-19T09:09:50.728Z] [INFO]: Darkshop pending-order worker started.
[2026-04-19T09:09:50.737Z] [INFO]: [EscrowWorker] Started — checks every 5 minutes
[2026-04-19T09:09:50.738Z] [INFO]: Escrow release worker started.
[2026-04-19T09:09:50.745Z] [INFO]: Server started on http://localhost:8000
[2026-04-19T09:09:53.138Z] [INFO]: Transporter is ready to send emails
[2026-04-19T09:09:55.894Z] [INFO]: API expiry alert sent to admin:
[2026-04-19T09:09:59.822Z] [INFO]: API expiry alert sent to admin:
[2026-04-19T09:10:03.106Z] [INFO]: API expiry cron job loaded successfully.
[2026-04-19T09:10:03.107Z] [INFO]: Escrow job queue loaded successfully.
[2026-04-19T09:10:03.129Z] [INFO]: Darkshop product maintenance job started.
[2026-04-19T09:10:03.130Z] [INFO]: Darkshop pending-order worker started.
[2026-04-19T09:10:03.132Z] [INFO]: [EscrowWorker] Started — checks every 5 minutes
[2026-04-19T09:10:03.132Z] [INFO]: Escrow release worker started.
[2026-04-19T09:10:03.139Z] [INFO]: Server started on http://localhost:8000
[2026-04-19T09:10:04.887Z] [INFO]: Transporter is ready to send emails
[2026-04-19T09:10:08.981Z] [INFO]: API expiry alert sent to admin:
[2026-04-19T09:10:13.241Z] [INFO]: API expiry cron job loaded successfully.
[2026-04-19T09:10:13.242Z] [INFO]: Escrow job queue loaded successfully.
[2026-04-19T09:10:13.263Z] [INFO]: Darkshop product maintenance job started.
[2026-04-19T09:10:13.264Z] [INFO]: Darkshop pending-order worker started.
[2026-04-19T09:10:13.266Z] [INFO]: [EscrowWorker] Started — checks every 5 minutes
[2026-04-19T09:10:13.267Z] [INFO]: Escrow release worker started.
[2026-04-19T09:10:13.271Z] [INFO]: Server started on http://localhost:8000
[2026-04-19T09:10:14.636Z] [INFO]: Transporter is ready to send emails
[2026-04-19T09:10:18.839Z] [INFO]: API expiry alert sent to admin:
[2026-04-19T09:10:21.857Z] [INFO]: API expiry alert sent to admin:
[2026-04-19T09:10:25.255Z] [INFO]: API expiry cron job loaded successfully.
[2026-04-19T09:10:25.256Z] [INFO]: Escrow job queue loaded successfully.
[2026-04-19T09:10:25.276Z] [INFO]: Darkshop product maintenance job started.
[2026-04-19T09:10:25.278Z] [INFO]: Darkshop pending-order worker started.
[2026-04-19T09:10:25.281Z] [INFO]: [EscrowWorker] Started — checks every 5 minutes
[2026-04-19T09:10:25.281Z] [INFO]: Escrow release worker started.
[2026-04-19T09:10:25.285Z] [INFO]: Server started on http://localhost:8000
[2026-04-19T09:10:26.439Z] [INFO]: Transporter is ready to send emails
[2026-04-19T09:10:30.087Z] [INFO]: API expiry alert sent to admin:
[2026-04-19T09:10:34.314Z] [INFO]: API expiry alert sent to admin:
[2026-04-19T09:10:57.115Z] [INFO]: API expiry cron job loaded successfully.
[2026-04-19T09:10:57.116Z] [INFO]: Escrow job queue loaded successfully.
[2026-04-19T09:10:57.138Z] [INFO]: Darkshop product maintenance job started.
[2026-04-19T09:10:57.141Z] [INFO]: Darkshop pending-order worker started.
[2026-04-19T09:10:57.143Z] [INFO]: [EscrowWorker] Started — checks every 5 minutes
[2026-04-19T09:10:57.144Z] [INFO]: Escrow release worker started.
[2026-04-19T09:10:57.148Z] [INFO]: Server started on http://localhost:8000
[2026-04-19T09:11:00.576Z] [INFO]: Transporter is ready to send emails
[2026-04-19T09:11:05.535Z] [INFO]: API expiry alert sent to admin:
[2026-04-19T09:11:10.288Z] [INFO]: API expiry alert sent to admin:
[2026-04-19T09:11:12.047Z] [INFO]: API expiry cron job loaded successfully.
[2026-04-19T09:11:12.049Z] [INFO]: Escrow job queue loaded successfully.
[2026-04-19T09:11:12.072Z] [INFO]: Darkshop product maintenance job started.
[2026-04-19T09:11:12.074Z] [INFO]: Darkshop pending-order worker started.
[2026-04-19T09:11:12.077Z] [INFO]: [EscrowWorker] Started — checks every 5 minutes
[2026-04-19T09:11:12.077Z] [INFO]: Escrow release worker started.
[2026-04-19T09:11:12.081Z] [INFO]: Server started on http://localhost:8000
[2026-04-19T09:11:13.771Z] [INFO]: Transporter is ready to send emails
[2026-04-19T09:11:19.881Z] [INFO]: API expiry alert sent to admin:
[2026-04-19T09:11:22.011Z] [INFO]: API expiry cron job loaded successfully.
[2026-04-19T09:11:22.012Z] [INFO]: Escrow job queue loaded successfully.
[2026-04-19T09:11:22.034Z] [INFO]: Darkshop product maintenance job started.
[2026-04-19T09:11:22.037Z] [INFO]: Darkshop pending-order worker started.
[2026-04-19T09:11:22.039Z] [INFO]: [EscrowWorker] Started — checks every 5 minutes
[2026-04-19T09:11:22.039Z] [INFO]: Escrow release worker started.
[2026-04-19T09:11:22.042Z] [INFO]: Server started on http://localhost:8000
[2026-04-19T09:11:23.393Z] [INFO]: Transporter is ready to send emails
[2026-04-19T09:11:26.489Z] [INFO]: API expiry alert sent to admin:
[2026-04-19T09:11:30.169Z] [INFO]: API expiry alert sent to admin:
[2026-04-19T09:11:34.829Z] [INFO]: API expiry cron job loaded successfully.
[2026-04-19T09:11:34.830Z] [INFO]: Escrow job queue loaded successfully.
[2026-04-19T09:11:34.849Z] [INFO]: Darkshop product maintenance job started.
[2026-04-19T09:11:34.852Z] [INFO]: Darkshop pending-order worker started.
[2026-04-19T09:11:34.855Z] [INFO]: [EscrowWorker] Started — checks every 5 minutes
[2026-04-19T09:11:34.856Z] [INFO]: Escrow release worker started.
[2026-04-19T09:11:34.859Z] [INFO]: Server started on http://localhost:8000
[2026-04-19T09:11:36.725Z] [INFO]: Transporter is ready to send emails
[2026-04-19T09:11:40.126Z] [INFO]: API expiry alert sent to admin:
[2026-04-19T09:11:42.658Z] [INFO]: API expiry alert sent to admin:
[2026-04-19T09:11:46.594Z] [INFO]: API expiry cron job loaded successfully.
[2026-04-19T09:11:46.595Z] [INFO]: Escrow job queue loaded successfully.
[2026-04-19T09:11:46.621Z] [INFO]: Darkshop product maintenance job started.
[2026-04-19T09:11:46.624Z] [INFO]: Darkshop pending-order worker started.
[2026-04-19T09:11:46.626Z] [INFO]: [EscrowWorker] Started — checks every 5 minutes
[2026-04-19T09:11:46.626Z] [INFO]: Escrow release worker started.
[2026-04-19T09:11:46.630Z] [INFO]: Server started on http://localhost:8000
[2026-04-19T09:11:49.151Z] [INFO]: Transporter is ready to send emails
[2026-04-19T09:11:51.916Z] [INFO]: API expiry alert sent to admin:
[2026-04-19T09:11:54.619Z] [INFO]: API expiry alert sent to admin:
[2026-04-19T09:12:10.137Z] [INFO]: API expiry cron job loaded successfully.
[2026-04-19T09:12:10.139Z] [INFO]: Escrow job queue loaded successfully.
[2026-04-19T09:12:10.165Z] [INFO]: Darkshop product maintenance job started.
[2026-04-19T09:12:10.167Z] [INFO]: Darkshop pending-order worker started.
[2026-04-19T09:12:10.170Z] [INFO]: [EscrowWorker] Started — checks every 5 minutes
[2026-04-19T09:12:10.171Z] [INFO]: Escrow release worker started.
[2026-04-19T09:12:10.175Z] [INFO]: Server started on http://localhost:8000
[2026-04-19T09:12:11.925Z] [INFO]: Transporter is ready to send emails
[2026-04-19T09:12:15.605Z] [INFO]: API expiry alert sent to admin:
[2026-04-19T09:12:20.485Z] [INFO]: API expiry alert sent to admin:
[2026-04-19T09:12:22.666Z] [INFO]: API expiry cron job loaded successfully.
[2026-04-19T09:12:22.667Z] [INFO]: Escrow job queue loaded successfully.
[2026-04-19T09:12:22.690Z] [INFO]: Darkshop product maintenance job started.
[2026-04-19T09:12:22.693Z] [INFO]: Darkshop pending-order worker started.
[2026-04-19T09:12:22.694Z] [INFO]: [EscrowWorker] Started — checks every 5 minutes
[2026-04-19T09:12:22.695Z] [INFO]: Escrow release worker started.
[2026-04-19T09:12:22.699Z] [INFO]: Server started on http://localhost:8000
[2026-04-19T09:12:25.154Z] [INFO]: Transporter is ready to send emails
[2026-04-19T09:12:29.629Z] [INFO]: API expiry alert sent to admin:
[2026-04-19T09:12:32.083Z] [INFO]: API expiry alert sent to admin:
[2026-04-19T09:12:38.948Z] [INFO]: API expiry cron job loaded successfully.
[2026-04-19T09:12:38.949Z] [INFO]: Escrow job queue loaded successfully.
[2026-04-19T09:12:38.976Z] [INFO]: Darkshop product maintenance job started.
[2026-04-19T09:12:38.977Z] [INFO]: Darkshop pending-order worker started.
[2026-04-19T09:12:38.980Z] [INFO]: [EscrowWorker] Started — checks every 5 minutes
[2026-04-19T09:12:38.981Z] [INFO]: Escrow release worker started.
[2026-04-19T09:12:38.985Z] [INFO]: Server started on http://localhost:8000
[2026-04-19T09:12:41.518Z] [INFO]: Transporter is ready to send emails
[2026-04-19T09:12:44.262Z] [INFO]: API expiry alert sent to admin:
[2026-04-19T09:12:49.044Z] [INFO]: API expiry alert sent to admin:
[2026-04-19T09:13:26.259Z] [INFO]: API expiry cron job loaded successfully.
[2026-04-19T09:13:26.260Z] [INFO]: Escrow job queue loaded successfully.
[2026-04-19T09:13:26.278Z] [INFO]: Darkshop product maintenance job started.
[2026-04-19T09:13:26.281Z] [INFO]: Darkshop pending-order worker started.
[2026-04-19T09:13:26.283Z] [INFO]: [EscrowWorker] Started — checks every 5 minutes
[2026-04-19T09:13:26.283Z] [INFO]: Escrow release worker started.
[2026-04-19T09:13:26.288Z] [INFO]: Server started on http://localhost:8000
[2026-04-19T09:13:27.624Z] [INFO]: Transporter is ready to send emails
[2026-04-19T09:13:35.343Z] [INFO]: API expiry alert sent to admin:
[2026-04-19T09:13:42.060Z] [INFO]: API expiry alert sent to admin:
[2026-04-19T09:13:52.178Z] [INFO]: API expiry cron job loaded successfully.
[2026-04-19T09:13:52.179Z] [INFO]: Escrow job queue loaded successfully.
[2026-04-19T09:13:52.199Z] [INFO]: Darkshop product maintenance job started.
[2026-04-19T09:13:52.204Z] [INFO]: Darkshop pending-order worker started.
[2026-04-19T09:13:52.207Z] [INFO]: [EscrowWorker] Started — checks every 5 minutes
[2026-04-19T09:13:52.208Z] [INFO]: Escrow release worker started.
[2026-04-19T09:13:52.213Z] [INFO]: Server started on http://localhost:8000
[2026-04-19T09:13:53.806Z] [INFO]: Transporter is ready to send emails
[2026-04-19T09:14:01.072Z] [INFO]: API expiry alert sent to admin:
[2026-04-19T09:14:04.897Z] [INFO]: API expiry alert sent to admin:
[2026-04-19T09:14:10.702Z] [INFO]: API expiry cron job loaded successfully.
[2026-04-19T09:14:10.703Z] [INFO]: Escrow job queue loaded successfully.
[2026-04-19T09:14:10.723Z] [INFO]: Darkshop product maintenance job started.
[2026-04-19T09:14:10.724Z] [INFO]: Darkshop pending-order worker started.
[2026-04-19T09:14:10.728Z] [INFO]: [EscrowWorker] Started — checks every 5 minutes
[2026-04-19T09:14:10.728Z] [INFO]: Escrow release worker started.
[2026-04-19T09:14:10.732Z] [INFO]: Server started on http://localhost:8000
[2026-04-19T09:14:12.574Z] [INFO]: Transporter is ready to send emails
[2026-04-19T09:14:19.717Z] [INFO]: API expiry alert sent to admin:
[2026-04-19T09:14:22.876Z] [INFO]: API expiry alert sent to admin:
[2026-04-19T09:20:06.362Z] [INFO]: API expiry cron job loaded successfully.
[2026-04-19T09:20:06.363Z] [INFO]: Escrow job queue loaded successfully.
[2026-04-19T09:20:06.393Z] [INFO]: Darkshop product maintenance job started.
[2026-04-19T09:20:06.396Z] [INFO]: Darkshop pending-order worker started.
[2026-04-19T09:20:06.399Z] [INFO]: [EscrowWorker] Started — checks every 5 minutes
[2026-04-19T09:20:06.399Z] [INFO]: Escrow release worker started.
[2026-04-19T09:20:06.405Z] [INFO]: Server started on http://localhost:8000
[2026-04-19T09:20:07.983Z] [INFO]: Transporter is ready to send emails
[2026-04-19T09:20:10.574Z] [INFO]: API expiry alert sent to admin:
[2026-04-19T09:20:13.659Z] [INFO]: API expiry alert sent to admin:
[2026-04-19T09:20:17.777Z] [INFO]: API expiry cron job loaded successfully.
[2026-04-19T09:20:17.778Z] [INFO]: Escrow job queue loaded successfully.
[2026-04-19T09:20:17.799Z] [INFO]: Darkshop product maintenance job started.
[2026-04-19T09:20:17.804Z] [INFO]: Darkshop pending-order worker started.
[2026-04-19T09:20:17.806Z] [INFO]: [EscrowWorker] Started — checks every 5 minutes
[2026-04-19T09:20:17.806Z] [INFO]: Escrow release worker started.
[2026-04-19T09:20:17.809Z] [INFO]: Server started on http://localhost:8000
[2026-04-19T09:20:21.562Z] [INFO]: Transporter is ready to send emails
[2026-04-19T09:20:26.348Z] [INFO]: API expiry cron job loaded successfully.
[2026-04-19T09:20:26.357Z] [INFO]: Escrow job queue loaded successfully.
[2026-04-19T09:20:26.474Z] [INFO]: Darkshop product maintenance job started.
[2026-04-19T09:20:26.490Z] [INFO]: Darkshop pending-order worker started.
[2026-04-19T09:20:26.493Z] [INFO]: [EscrowWorker] Started — checks every 5 minutes
[2026-04-19T09:20:26.493Z] [INFO]: Escrow release worker started.
[2026-04-19T09:20:26.500Z] [INFO]: Server started on http://localhost:8000
[2026-04-19T09:20:31.700Z] [INFO]: Transporter is ready to send emails
[2026-04-19T09:20:39.227Z] [INFO]: API expiry alert sent to admin:
[2026-04-19T09:20:43.364Z] [INFO]: API expiry cron job loaded successfully.
[2026-04-19T09:20:43.366Z] [INFO]: Escrow job queue loaded successfully.
[2026-04-19T09:20:43.386Z] [INFO]: Darkshop product maintenance job started.
[2026-04-19T09:20:43.389Z] [INFO]: Darkshop pending-order worker started.
[2026-04-19T09:20:43.392Z] [INFO]: [EscrowWorker] Started — checks every 5 minutes
[2026-04-19T09:20:43.393Z] [INFO]: Escrow release worker started.
[2026-04-19T09:20:43.396Z] [INFO]: Server started on http://localhost:8000
[2026-04-19T09:20:49.071Z] [INFO]: Transporter is ready to send emails
[2026-04-19T09:20:52.456Z] [INFO]: API expiry alert sent to admin:
[2026-04-19T09:20:57.221Z] [INFO]: API expiry cron job loaded successfully.
[2026-04-19T09:20:57.222Z] [INFO]: Escrow job queue loaded successfully.
[2026-04-19T09:20:57.242Z] [INFO]: Darkshop product maintenance job started.
[2026-04-19T09:20:57.245Z] [INFO]: Darkshop pending-order worker started.
[2026-04-19T09:20:57.247Z] [INFO]: [EscrowWorker] Started — checks every 5 minutes
[2026-04-19T09:20:57.248Z] [INFO]: Escrow release worker started.
[2026-04-19T09:20:57.252Z] [INFO]: Server started on http://localhost:8000
[2026-04-19T09:21:03.674Z] [INFO]: Transporter is ready to send emails
[2026-04-19T09:21:07.911Z] [INFO]: API expiry alert sent to admin:
[2026-04-19T09:21:10.477Z] [INFO]: API expiry alert sent to admin:
[2026-04-19T09:21:35.294Z] [INFO]: API expiry cron job loaded successfully.
[2026-04-19T09:21:35.295Z] [INFO]: Escrow job queue loaded successfully.
[2026-04-19T09:21:35.313Z] [INFO]: Darkshop product maintenance job started.
[2026-04-19T09:21:35.315Z] [INFO]: Darkshop pending-order worker started.
[2026-04-19T09:21:35.317Z] [INFO]: [EscrowWorker] Started — checks every 5 minutes
[2026-04-19T09:21:35.318Z] [INFO]: Escrow release worker started.
[2026-04-19T09:21:35.324Z] [INFO]: Server started on http://localhost:8000
[2026-04-19T09:21:36.626Z] [INFO]: Transporter is ready to send emails
[2026-04-19T09:21:39.254Z] [INFO]: API expiry alert sent to admin:
[2026-04-19T09:21:42.021Z] [INFO]: API expiry alert sent to admin:
[2026-04-19T09:21:58.299Z] [INFO]: API expiry cron job loaded successfully.
[2026-04-19T09:21:58.300Z] [INFO]: Escrow job queue loaded successfully.
[2026-04-19T09:21:58.321Z] [INFO]: Darkshop product maintenance job started.
[2026-04-19T09:21:58.323Z] [INFO]: Darkshop pending-order worker started.
[2026-04-19T09:21:58.325Z] [INFO]: [EscrowWorker] Started — checks every 5 minutes
[2026-04-19T09:21:58.325Z] [INFO]: Escrow release worker started.
[2026-04-19T09:21:58.328Z] [INFO]: Server started on http://localhost:8000
[2026-04-19T09:21:59.456Z] [INFO]: Transporter is ready to send emails
[2026-04-19T09:22:01.894Z] [INFO]: API expiry alert sent to admin:
[2026-04-19T09:22:04.454Z] [INFO]: API expiry alert sent to admin:
[2026-04-19T09:22:10.728Z] [INFO]: API expiry cron job loaded successfully.
[2026-04-19T09:22:10.729Z] [INFO]: Escrow job queue loaded successfully.
[2026-04-19T09:22:10.749Z] [INFO]: Darkshop product maintenance job started.
[2026-04-19T09:22:10.753Z] [INFO]: Darkshop pending-order worker started.
[2026-04-19T09:22:10.755Z] [INFO]: [EscrowWorker] Started — checks every 5 minutes
[2026-04-19T09:22:10.755Z] [INFO]: Escrow release worker started.
[2026-04-19T09:22:10.759Z] [INFO]: Server started on http://localhost:8000
[2026-04-19T09:22:11.814Z] [INFO]: Transporter is ready to send emails
[2026-04-19T09:22:14.558Z] [INFO]: API expiry alert sent to admin:
[2026-04-19T09:22:16.933Z] [INFO]: API expiry alert sent to admin:
[2026-04-19T09:22:21.077Z] [INFO]: API expiry cron job loaded successfully.
[2026-04-19T09:22:21.079Z] [INFO]: Escrow job queue loaded successfully.
[2026-04-19T09:22:21.101Z] [INFO]: Darkshop product maintenance job started.
[2026-04-19T09:22:21.106Z] [INFO]: Darkshop pending-order worker started.
[2026-04-19T09:22:21.109Z] [INFO]: [EscrowWorker] Started — checks every 5 minutes
[2026-04-19T09:22:21.109Z] [INFO]: Escrow release worker started.
[2026-04-19T09:22:21.113Z] [INFO]: Server started on http://localhost:8000
[2026-04-19T09:22:22.419Z] [INFO]: Transporter is ready to send emails
[2026-04-19T09:22:25.101Z] [INFO]: API expiry alert sent to admin:
[2026-04-19T09:22:27.360Z] [INFO]: API expiry alert sent to admin:
[2026-04-19T09:22:28.749Z] [INFO]: API expiry cron job loaded successfully.
[2026-04-19T09:22:28.750Z] [INFO]: Escrow job queue loaded successfully.
[2026-04-19T09:22:28.772Z] [INFO]: Darkshop product maintenance job started.
[2026-04-19T09:22:28.774Z] [INFO]: Darkshop pending-order worker started.
[2026-04-19T09:22:28.777Z] [INFO]: [EscrowWorker] Started — checks every 5 minutes
[2026-04-19T09:22:28.777Z] [INFO]: Escrow release worker started.
[2026-04-19T09:22:28.781Z] [INFO]: Server started on http://localhost:8000
[2026-04-19T09:22:30.334Z] [INFO]: Transporter is ready to send emails
[2026-04-19T09:22:33.871Z] [INFO]: API expiry alert sent to admin:
[2026-04-19T09:22:36.426Z] [INFO]: API expiry alert sent to admin:
[2026-04-19T09:22:49.522Z] [INFO]: API expiry cron job loaded successfully.
[2026-04-19T09:22:49.523Z] [INFO]: Escrow job queue loaded successfully.
[2026-04-19T09:22:49.544Z] [INFO]: Darkshop product maintenance job started.
[2026-04-19T09:22:49.546Z] [INFO]: Darkshop pending-order worker started.
[2026-04-19T09:22:49.549Z] [INFO]: [EscrowWorker] Started — checks every 5 minutes
[2026-04-19T09:22:49.549Z] [INFO]: Escrow release worker started.
[2026-04-19T09:22:49.554Z] [INFO]: Server started on http://localhost:8000
[2026-04-19T09:22:50.777Z] [INFO]: Transporter is ready to send emails
[2026-04-19T09:22:53.474Z] [INFO]: API expiry alert sent to admin:
[2026-04-19T09:22:56.498Z] [INFO]: API expiry alert sent to admin:
[2026-04-19T09:23:02.144Z] [INFO]: API expiry cron job loaded successfully.
[2026-04-19T09:23:02.147Z] [INFO]: Escrow job queue loaded successfully.
[2026-04-19T09:23:02.170Z] [INFO]: Darkshop product maintenance job started.
[2026-04-19T09:23:02.172Z] [INFO]: Darkshop pending-order worker started.
[2026-04-19T09:23:02.174Z] [INFO]: [EscrowWorker] Started — checks every 5 minutes
[2026-04-19T09:23:02.174Z] [INFO]: Escrow release worker started.
[2026-04-19T09:23:02.179Z] [INFO]: Server started on http://localhost:8000
[2026-04-19T09:23:03.379Z] [INFO]: Transporter is ready to send emails
[2026-04-19T09:23:05.890Z] [INFO]: API expiry alert sent to admin:
[2026-04-19T09:23:08.459Z] [INFO]: API expiry alert sent to admin:
[2026-04-19T09:23:09.453Z] [INFO]: API expiry cron job loaded successfully.
[2026-04-19T09:23:09.457Z] [INFO]: Escrow job queue loaded successfully.
[2026-04-19T09:23:09.523Z] [INFO]: Darkshop product maintenance job started.
[2026-04-19T09:23:09.654Z] [INFO]: Darkshop pending-order worker started.
[2026-04-19T09:23:09.658Z] [INFO]: [EscrowWorker] Started — checks every 5 minutes
[2026-04-19T09:23:09.659Z] [INFO]: Escrow release worker started.
[2026-04-19T09:23:09.667Z] [INFO]: Server started on http://localhost:8000
[2026-04-19T09:23:14.679Z] [INFO]: Transporter is ready to send emails
[2026-04-19T09:23:20.440Z] [INFO]: API expiry alert sent to admin:
[2026-04-19T09:23:23.069Z] [INFO]: API expiry alert sent to admin:
[2026-04-19T09:23:25.692Z] [INFO]: API expiry cron job loaded successfully.
[2026-04-19T09:23:25.696Z] [INFO]: Escrow job queue loaded successfully.
[2026-04-19T09:23:25.730Z] [INFO]: Darkshop product maintenance job started.
[2026-04-19T09:23:25.734Z] [INFO]: Darkshop pending-order worker started.
[2026-04-19T09:23:25.739Z] [INFO]: [EscrowWorker] Started — checks every 5 minutes
[2026-04-19T09:23:25.740Z] [INFO]: Escrow release worker started.
[2026-04-19T09:23:25.743Z] [INFO]: Server started on http://localhost:8000
[2026-04-19T09:23:27.706Z] [INFO]: Transporter is ready to send emails
[2026-04-19T09:23:31.040Z] [INFO]: API expiry alert sent to admin:
[2026-04-19T09:23:34.284Z] [INFO]: API expiry alert sent to admin:
[2026-04-19T09:23:41.631Z] [INFO]: API expiry cron job loaded successfully.
[2026-04-19T09:23:41.633Z] [INFO]: Escrow job queue loaded successfully.
[2026-04-19T09:23:41.655Z] [INFO]: Darkshop product maintenance job started.
[2026-04-19T09:23:41.657Z] [INFO]: Darkshop pending-order worker started.
[2026-04-19T09:23:41.661Z] [INFO]: [EscrowWorker] Started — checks every 5 minutes
[2026-04-19T09:23:41.661Z] [INFO]: Escrow release worker started.
[2026-04-19T09:23:41.665Z] [INFO]: Server started on http://localhost:8000
[2026-04-19T09:23:43.833Z] [INFO]: Transporter is ready to send emails
[2026-04-19T09:23:47.140Z] [INFO]: API expiry alert sent to admin:
[2026-04-19T09:23:50.479Z] [INFO]: API expiry alert sent to admin:
[2026-04-19T09:24:00.782Z] [INFO]: API expiry cron job loaded successfully.
[2026-04-19T09:24:00.783Z] [INFO]: Escrow job queue loaded successfully.
[2026-04-19T09:24:00.802Z] [INFO]: Darkshop product maintenance job started.
[2026-04-19T09:24:00.805Z] [INFO]: Darkshop pending-order worker started.
[2026-04-19T09:24:00.807Z] [INFO]: [EscrowWorker] Started — checks every 5 minutes
[2026-04-19T09:24:00.807Z] [INFO]: Escrow release worker started.
[2026-04-19T09:24:00.810Z] [INFO]: Server started on http://localhost:8000
[2026-04-19T09:24:01.934Z] [INFO]: Transporter is ready to send emails
[2026-04-19T09:24:04.543Z] [INFO]: API expiry alert sent to admin:
[2026-04-19T09:24:07.333Z] [INFO]: API expiry alert sent to admin:
[2026-04-19T09:24:11.132Z] [INFO]: API expiry cron job loaded successfully.
[2026-04-19T09:24:11.133Z] [INFO]: Escrow job queue loaded successfully.
[2026-04-19T09:24:11.157Z] [INFO]: Darkshop product maintenance job started.
[2026-04-19T09:24:11.160Z] [INFO]: Darkshop pending-order worker started.
[2026-04-19T09:24:11.162Z] [INFO]: [EscrowWorker] Started — checks every 5 minutes
[2026-04-19T09:24:11.163Z] [INFO]: Escrow release worker started.
[2026-04-19T09:24:11.166Z] [INFO]: Server started on http://localhost:8000
[2026-04-19T09:24:12.697Z] [INFO]: Transporter is ready to send emails
[2026-04-19T09:24:15.674Z] [INFO]: API expiry alert sent to admin:
[2026-04-19T09:24:19.066Z] [INFO]: API expiry alert sent to admin:
[2026-04-19T09:24:20.411Z] [INFO]: API expiry cron job loaded successfully.
[2026-04-19T09:24:20.412Z] [INFO]: Escrow job queue loaded successfully.
[2026-04-19T09:24:20.435Z] [INFO]: Darkshop product maintenance job started.
[2026-04-19T09:24:20.438Z] [INFO]: Darkshop pending-order worker started.
[2026-04-19T09:24:20.445Z] [INFO]: [EscrowWorker] Started — checks every 5 minutes
[2026-04-19T09:24:20.446Z] [INFO]: Escrow release worker started.
[2026-04-19T09:24:20.451Z] [INFO]: Server started on http://localhost:8000
[2026-04-19T09:24:26.576Z] [INFO]: Transporter is ready to send emails
[2026-04-19T09:24:32.633Z] [INFO]: API expiry alert sent to admin:
[2026-04-19T09:24:37.504Z] [INFO]: API expiry alert sent to admin:
[2026-04-19T09:24:42.307Z] [INFO]: API expiry cron job loaded successfully.
[2026-04-19T09:24:42.308Z] [INFO]: Escrow job queue loaded successfully.
[2026-04-19T09:24:42.333Z] [INFO]: Darkshop product maintenance job started.
[2026-04-19T09:24:42.335Z] [INFO]: Darkshop pending-order worker started.
[2026-04-19T09:24:42.338Z] [INFO]: [EscrowWorker] Started — checks every 5 minutes
[2026-04-19T09:24:42.338Z] [INFO]: Escrow release worker started.
[2026-04-19T09:24:42.342Z] [INFO]: Server started on http://localhost:8000
[2026-04-19T09:24:45.104Z] [INFO]: Transporter is ready to send emails
[2026-04-19T09:24:49.651Z] [INFO]: API expiry alert sent to admin:
[2026-04-19T09:24:50.772Z] [INFO]: API expiry cron job loaded successfully.
[2026-04-19T09:24:50.773Z] [INFO]: Escrow job queue loaded successfully.
[2026-04-19T09:24:50.795Z] [INFO]: Darkshop product maintenance job started.
[2026-04-19T09:24:50.798Z] [INFO]: Darkshop pending-order worker started.
[2026-04-19T09:24:50.803Z] [INFO]: [EscrowWorker] Started — checks every 5 minutes
[2026-04-19T09:24:50.804Z] [INFO]: Escrow release worker started.
[2026-04-19T09:24:50.807Z] [INFO]: Server started on http://localhost:8000
[2026-04-19T09:24:53.511Z] [INFO]: Transporter is ready to send emails
[2026-04-19T09:24:59.866Z] [INFO]: API expiry alert sent to admin:
[2026-04-19T09:25:06.543Z] [INFO]: API expiry alert sent to admin:
[2026-04-19T09:25:27.760Z] [INFO]: API expiry cron job loaded successfully.
[2026-04-19T09:25:27.762Z] [INFO]: Escrow job queue loaded successfully.
[2026-04-19T09:25:27.792Z] [INFO]: Darkshop product maintenance job started.
[2026-04-19T09:25:27.798Z] [INFO]: Darkshop pending-order worker started.
[2026-04-19T09:25:27.801Z] [INFO]: [EscrowWorker] Started — checks every 5 minutes
[2026-04-19T09:25:27.802Z] [INFO]: Escrow release worker started.
[2026-04-19T09:25:27.808Z] [INFO]: Server started on http://localhost:8000
[2026-04-19T09:25:29.321Z] [INFO]: Transporter is ready to send emails
[2026-04-19T09:25:33.201Z] [INFO]: API expiry alert sent to admin:
[2026-04-19T09:25:35.634Z] [INFO]: API expiry alert sent to admin:
[2026-04-19T09:25:38.476Z] [INFO]: API expiry cron job loaded successfully.
[2026-04-19T09:25:38.477Z] [INFO]: Escrow job queue loaded successfully.
[2026-04-19T09:25:38.496Z] [INFO]: Darkshop product maintenance job started.
[2026-04-19T09:25:38.498Z] [INFO]: Darkshop pending-order worker started.
[2026-04-19T09:25:38.500Z] [INFO]: [EscrowWorker] Started — checks every 5 minutes
[2026-04-19T09:25:38.500Z] [INFO]: Escrow release worker started.
[2026-04-19T09:25:38.506Z] [INFO]: Server started on http://localhost:8000
[2026-04-19T09:25:39.751Z] [INFO]: Transporter is ready to send emails
[2026-04-19T09:25:42.974Z] [INFO]: API expiry alert sent to admin:
[2026-04-19T09:25:45.631Z] [INFO]: API expiry alert sent to admin:
[2026-04-19T09:26:03.548Z] [INFO]: API expiry cron job loaded successfully.
[2026-04-19T09:26:03.550Z] [INFO]: Escrow job queue loaded successfully.
[2026-04-19T09:26:03.571Z] [INFO]: Darkshop product maintenance job started.
[2026-04-19T09:26:03.575Z] [INFO]: Darkshop pending-order worker started.
[2026-04-19T09:26:03.577Z] [INFO]: [EscrowWorker] Started — checks every 5 minutes
[2026-04-19T09:26:03.578Z] [INFO]: Escrow release worker started.
[2026-04-19T09:26:03.581Z] [INFO]: Server started on http://localhost:8000
[2026-04-19T09:26:05.360Z] [INFO]: Transporter is ready to send emails
[2026-04-19T09:26:12.155Z] [INFO]: API expiry alert sent to admin:
[2026-04-19T09:26:15.828Z] [INFO]: API expiry alert sent to admin:
[2026-04-19T09:26:22.094Z] [INFO]: API expiry cron job loaded successfully.
[2026-04-19T09:26:22.096Z] [INFO]: Escrow job queue loaded successfully.
[2026-04-19T09:26:22.115Z] [INFO]: Darkshop product maintenance job started.
[2026-04-19T09:26:22.117Z] [INFO]: Darkshop pending-order worker started.
[2026-04-19T09:26:22.121Z] [INFO]: [EscrowWorker] Started — checks every 5 minutes
[2026-04-19T09:26:22.122Z] [INFO]: Escrow release worker started.
[2026-04-19T09:26:22.126Z] [INFO]: Server started on http://localhost:8000
[2026-04-19T09:26:23.297Z] [INFO]: Transporter is ready to send emails
[2026-04-19T09:26:26.069Z] [INFO]: API expiry alert sent to admin:
[2026-04-19T09:26:32.521Z] [INFO]: API expiry alert sent to admin:
[2026-04-19T09:26:35.546Z] [INFO]: API expiry cron job loaded successfully.
[2026-04-19T09:26:35.548Z] [INFO]: Escrow job queue loaded successfully.
[2026-04-19T09:26:35.567Z] [INFO]: Darkshop product maintenance job started.
[2026-04-19T09:26:35.571Z] [INFO]: Darkshop pending-order worker started.
[2026-04-19T09:26:35.574Z] [INFO]: [EscrowWorker] Started — checks every 5 minutes
[2026-04-19T09:26:35.575Z] [INFO]: Escrow release worker started.
[2026-04-19T09:26:35.578Z] [INFO]: Server started on http://localhost:8000
[2026-04-19T09:26:38.759Z] [INFO]: Transporter is ready to send emails
[2026-04-19T09:26:42.338Z] [INFO]: API expiry alert sent to admin:
[2026-04-19T09:26:48.319Z] [INFO]: API expiry alert sent to admin:
[2026-04-19T09:27:02.880Z] [INFO]: API expiry cron job loaded successfully.
[2026-04-19T09:27:02.881Z] [INFO]: Escrow job queue loaded successfully.
[2026-04-19T09:27:02.900Z] [INFO]: Darkshop product maintenance job started.
[2026-04-19T09:27:02.905Z] [INFO]: Darkshop pending-order worker started.
[2026-04-19T09:27:02.908Z] [INFO]: [EscrowWorker] Started — checks every 5 minutes
[2026-04-19T09:27:02.909Z] [INFO]: Escrow release worker started.
[2026-04-19T09:27:02.914Z] [INFO]: Server started on http://localhost:8000
[2026-04-19T09:27:04.921Z] [INFO]: Transporter is ready to send emails
[2026-04-19T09:27:09.826Z] [INFO]: API expiry alert sent to admin:
[2026-04-19T09:27:17.639Z] [INFO]: API expiry alert sent to admin:
[2026-04-19T09:27:18.458Z] [INFO]: API expiry cron job loaded successfully.
[2026-04-19T09:27:18.460Z] [INFO]: Escrow job queue loaded successfully.
[2026-04-19T09:27:18.482Z] [INFO]: Darkshop product maintenance job started.
[2026-04-19T09:27:18.486Z] [INFO]: Darkshop pending-order worker started.
[2026-04-19T09:27:18.489Z] [INFO]: [EscrowWorker] Started — checks every 5 minutes
[2026-04-19T09:27:18.489Z] [INFO]: Escrow release worker started.
[2026-04-19T09:27:18.495Z] [INFO]: Server started on http://localhost:8000
[2026-04-19T09:27:21.715Z] [INFO]: Transporter is ready to send emails
[2026-04-19T09:27:29.455Z] [INFO]: API expiry alert sent to admin:
[2026-04-19T09:27:35.305Z] [INFO]: API expiry alert sent to admin:
[2026-04-19T09:28:03.141Z] [INFO]: API expiry cron job loaded successfully.
[2026-04-19T09:28:03.142Z] [INFO]: Escrow job queue loaded successfully.
[2026-04-19T09:28:03.164Z] [INFO]: Darkshop product maintenance job started.
[2026-04-19T09:28:03.166Z] [INFO]: Darkshop pending-order worker started.
[2026-04-19T09:28:03.169Z] [INFO]: [EscrowWorker] Started — checks every 5 minutes
[2026-04-19T09:28:03.170Z] [INFO]: Escrow release worker started.
[2026-04-19T09:28:03.174Z] [INFO]: Server started on http://localhost:8000
[2026-04-19T09:28:06.023Z] [INFO]: Transporter is ready to send emails
[2026-04-19T09:28:10.680Z] [INFO]: API expiry alert sent to admin:
[2026-04-19T09:28:17.287Z] [INFO]: API expiry alert sent to admin:
[2026-04-19T09:28:22.078Z] [INFO]: API expiry cron job loaded successfully.
[2026-04-19T09:28:22.080Z] [INFO]: Escrow job queue loaded successfully.
[2026-04-19T09:28:22.110Z] [INFO]: Darkshop product maintenance job started.
[2026-04-19T09:28:22.113Z] [INFO]: Darkshop pending-order worker started.
[2026-04-19T09:28:22.115Z] [INFO]: [EscrowWorker] Started — checks every 5 minutes
[2026-04-19T09:28:22.115Z] [INFO]: Escrow release worker started.
[2026-04-19T09:28:22.121Z] [INFO]: Server started on http://localhost:8000
[2026-04-19T09:28:27.566Z] [INFO]: Transporter is ready to send emails
[2026-04-19T09:28:37.399Z] [INFO]: API expiry alert sent to admin:
[2026-04-19T09:28:43.994Z] [INFO]: API expiry alert sent to admin:
[2026-04-19T09:28:56.033Z] [INFO]: API expiry cron job loaded successfully.
[2026-04-19T09:28:56.035Z] [INFO]: Escrow job queue loaded successfully.
[2026-04-19T09:28:56.058Z] [INFO]: Darkshop product maintenance job started.
[2026-04-19T09:28:56.060Z] [INFO]: Darkshop pending-order worker started.
[2026-04-19T09:28:56.063Z] [INFO]: [EscrowWorker] Started — checks every 5 minutes
[2026-04-19T09:28:56.063Z] [INFO]: Escrow release worker started.
[2026-04-19T09:28:56.068Z] [INFO]: Server started on http://localhost:8000
[2026-04-19T09:28:58.550Z] [INFO]: Transporter is ready to send emails
[2026-04-19T09:29:01.360Z] [INFO]: API expiry alert sent to admin:
[2026-04-19T09:29:05.309Z] [INFO]: API expiry alert sent to admin:
[2026-04-19T09:29:20.724Z] [INFO]: API expiry cron job loaded successfully.
[2026-04-19T09:29:20.726Z] [INFO]: Escrow job queue loaded successfully.
[2026-04-19T09:29:20.747Z] [INFO]: Darkshop product maintenance job started.
[2026-04-19T09:29:20.752Z] [INFO]: Darkshop pending-order worker started.
[2026-04-19T09:29:20.755Z] [INFO]: [EscrowWorker] Started — checks every 5 minutes
[2026-04-19T09:29:20.755Z] [INFO]: Escrow release worker started.
[2026-04-19T09:29:20.759Z] [INFO]: Server started on http://localhost:8000
[2026-04-19T09:29:22.251Z] [INFO]: Transporter is ready to send emails
[2026-04-19T09:29:25.145Z] [INFO]: API expiry alert sent to admin:
[2026-04-19T09:29:27.692Z] [INFO]: API expiry alert sent to admin:
[2026-04-19T09:30:09.334Z] [INFO]: API expiry cron job loaded successfully.
[2026-04-19T09:30:09.336Z] [INFO]: Escrow job queue loaded successfully.
[2026-04-19T09:30:09.357Z] [INFO]: Darkshop product maintenance job started.
[2026-04-19T09:30:09.359Z] [INFO]: Darkshop pending-order worker started.
[2026-04-19T09:30:09.362Z] [INFO]: [EscrowWorker] Started — checks every 5 minutes
[2026-04-19T09:30:09.362Z] [INFO]: Escrow release worker started.
[2026-04-19T09:30:09.365Z] [INFO]: Server started on http://localhost:8000
[2026-04-19T09:30:10.612Z] [INFO]: Transporter is ready to send emails
[2026-04-19T09:30:13.735Z] [INFO]: API expiry alert sent to admin:
[2026-04-19T09:30:16.450Z] [INFO]: API expiry alert sent to admin:
[2026-04-19T09:30:21.746Z] [INFO]: API expiry cron job loaded successfully.
[2026-04-19T09:30:21.747Z] [INFO]: Escrow job queue loaded successfully.
[2026-04-19T09:30:21.771Z] [INFO]: Darkshop product maintenance job started.
[2026-04-19T09:30:21.774Z] [INFO]: Darkshop pending-order worker started.
[2026-04-19T09:30:21.775Z] [INFO]: [EscrowWorker] Started — checks every 5 minutes
[2026-04-19T09:30:21.776Z] [INFO]: Escrow release worker started.
[2026-04-19T09:30:21.779Z] [INFO]: Server started on http://localhost:8000
[2026-04-19T09:30:23.852Z] [INFO]: Transporter is ready to send emails
[2026-04-19T09:30:27.835Z] [INFO]: API expiry alert sent to admin:
[2026-04-19T09:30:30.813Z] [INFO]: API expiry alert sent to admin:
[2026-04-19T09:30:35.114Z] [INFO]: API expiry cron job loaded successfully.
[2026-04-19T09:30:35.115Z] [INFO]: Escrow job queue loaded successfully.
[2026-04-19T09:30:35.135Z] [INFO]: Darkshop product maintenance job started.
[2026-04-19T09:30:35.137Z] [INFO]: Darkshop pending-order worker started.
[2026-04-19T09:30:35.140Z] [INFO]: [EscrowWorker] Started — checks every 5 minutes
[2026-04-19T09:30:35.140Z] [INFO]: Escrow release worker started.
[2026-04-19T09:30:35.144Z] [INFO]: Server started on http://localhost:8000
[2026-04-19T09:30:36.580Z] [INFO]: Transporter is ready to send emails
[2026-04-19T09:30:39.613Z] [INFO]: API expiry alert sent to admin:
[2026-04-19T09:30:43.483Z] [INFO]: API expiry alert sent to admin:
[2026-04-19T09:30:48.254Z] [INFO]: API expiry cron job loaded successfully.
[2026-04-19T09:30:48.256Z] [INFO]: Escrow job queue loaded successfully.
[2026-04-19T09:30:48.277Z] [INFO]: Darkshop product maintenance job started.
[2026-04-19T09:30:48.280Z] [INFO]: Darkshop pending-order worker started.
[2026-04-19T09:30:48.282Z] [INFO]: [EscrowWorker] Started — checks every 5 minutes
[2026-04-19T09:30:48.282Z] [INFO]: Escrow release worker started.
[2026-04-19T09:30:48.288Z] [INFO]: Server started on http://localhost:8000
[2026-04-19T09:30:49.693Z] [INFO]: Transporter is ready to send emails
[2026-04-19T09:30:54.419Z] [INFO]: API expiry alert sent to admin:
[2026-04-19T09:30:56.933Z] [INFO]: API expiry alert sent to admin:
[2026-04-19T09:33:59.464Z] [INFO]: API expiry cron job loaded successfully.
[2026-04-19T09:33:59.465Z] [INFO]: Escrow job queue loaded successfully.
[2026-04-19T09:33:59.486Z] [INFO]: Darkshop product maintenance job started.
[2026-04-19T09:33:59.489Z] [INFO]: Darkshop pending-order worker started.
[2026-04-19T09:33:59.491Z] [INFO]: [EscrowWorker] Started — checks every 5 minutes
[2026-04-19T09:33:59.491Z] [INFO]: Escrow release worker started.
[2026-04-19T09:33:59.494Z] [INFO]: Server started on http://localhost:8000
[2026-04-19T09:34:00.616Z] [INFO]: Transporter is ready to send emails
[2026-04-19T09:34:05.212Z] [INFO]: API expiry alert sent to admin:
[2026-04-19T09:34:07.894Z] [INFO]: API expiry alert sent to admin:
[2026-04-19T10:32:40.431Z] [INFO]: API expiry cron job loaded successfully.
[2026-04-19T10:32:40.432Z] [INFO]: Escrow job queue loaded successfully.
[2026-04-19T10:32:40.453Z] [INFO]: Darkshop product maintenance job started.
[2026-04-19T10:32:40.455Z] [INFO]: Darkshop pending-order worker started.
[2026-04-19T10:32:40.457Z] [INFO]: [EscrowWorker] Started — checks every 5 minutes
[2026-04-19T10:32:40.457Z] [INFO]: Escrow release worker started.
[2026-04-19T10:32:40.460Z] [INFO]: Server started on http://localhost:8000
[2026-04-19T10:32:41.586Z] [INFO]: API expiry cron job loaded successfully.
[2026-04-19T10:32:41.587Z] [INFO]: Escrow job queue loaded successfully.
[2026-04-19T10:32:41.608Z] [INFO]: Darkshop product maintenance job started.
[2026-04-19T10:32:41.610Z] [INFO]: Darkshop pending-order worker started.
[2026-04-19T10:32:41.612Z] [INFO]: [EscrowWorker] Started — checks every 5 minutes
[2026-04-19T10:32:41.612Z] [INFO]: Escrow release worker started.
[2026-04-19T10:32:41.618Z] [INFO]: Server started on http://localhost:8000
[2026-04-19T10:32:42.609Z] [INFO]: API expiry cron job loaded successfully.
[2026-04-19T10:32:42.609Z] [INFO]: Escrow job queue loaded successfully.
[2026-04-19T10:32:42.631Z] [INFO]: Darkshop product maintenance job started.
[2026-04-19T10:32:42.637Z] [INFO]: Darkshop pending-order worker started.
[2026-04-19T10:32:42.639Z] [INFO]: [EscrowWorker] Started — checks every 5 minutes
[2026-04-19T10:32:42.639Z] [INFO]: Escrow release worker started.
[2026-04-19T10:32:42.643Z] [INFO]: Server started on http://localhost:8000
[2026-04-19T10:32:44.438Z] [INFO]: Transporter is ready to send emails
[2026-04-19T10:32:48.547Z] [INFO]: API expiry alert sent to admin:
[2026-04-19T10:32:52.506Z] [INFO]: API expiry alert sent to admin:
[2026-04-19T10:32:55.484Z] [INFO]: API expiry cron job loaded successfully.
[2026-04-19T10:32:55.486Z] [INFO]: Escrow job queue loaded successfully.
[2026-04-19T10:32:55.505Z] [INFO]: Darkshop product maintenance job started.
[2026-04-19T10:32:55.507Z] [INFO]: Darkshop pending-order worker started.
[2026-04-19T10:32:55.509Z] [INFO]: [EscrowWorker] Started — checks every 5 minutes
[2026-04-19T10:32:55.509Z] [INFO]: Escrow release worker started.
[2026-04-19T10:32:55.513Z] [INFO]: Server started on http://localhost:8000
[2026-04-19T10:32:56.585Z] [INFO]: Transporter is ready to send emails
[2026-04-19T10:32:59.257Z] [INFO]: API expiry cron job loaded successfully.
[2026-04-19T10:32:59.258Z] [INFO]: Escrow job queue loaded successfully.
[2026-04-19T10:32:59.278Z] [INFO]: Darkshop product maintenance job started.
[2026-04-19T10:32:59.281Z] [INFO]: Darkshop pending-order worker started.
[2026-04-19T10:32:59.283Z] [INFO]: [EscrowWorker] Started — checks every 5 minutes
[2026-04-19T10:32:59.283Z] [INFO]: Escrow release worker started.
[2026-04-19T10:32:59.287Z] [INFO]: Server started on http://localhost:8000
[2026-04-19T10:33:00.357Z] [INFO]: Transporter is ready to send emails
[2026-04-19T10:33:02.578Z] [INFO]: API expiry cron job loaded successfully.
[2026-04-19T10:33:02.579Z] [INFO]: Escrow job queue loaded successfully.
[2026-04-19T10:33:02.597Z] [INFO]: Darkshop product maintenance job started.
[2026-04-19T10:33:02.599Z] [INFO]: Darkshop pending-order worker started.
[2026-04-19T10:33:02.601Z] [INFO]: [EscrowWorker] Started — checks every 5 minutes
[2026-04-19T10:33:02.602Z] [INFO]: Escrow release worker started.
[2026-04-19T10:33:02.605Z] [INFO]: Server started on http://localhost:8000
[2026-04-19T10:33:03.946Z] [INFO]: Transporter is ready to send emails
[2026-04-19T10:33:08.074Z] [INFO]: API expiry alert sent to admin:
[2026-04-19T10:33:10.788Z] [INFO]: API expiry alert sent to admin:
[2026-04-19T10:33:14.495Z] [INFO]: API expiry cron job loaded successfully.
[2026-04-19T10:33:14.496Z] [INFO]: Escrow job queue loaded successfully.
[2026-04-19T10:33:14.515Z] [INFO]: Darkshop product maintenance job started.
[2026-04-19T10:33:14.516Z] [INFO]: Darkshop pending-order worker started.
[2026-04-19T10:33:14.518Z] [INFO]: [EscrowWorker] Started — checks every 5 minutes
[2026-04-19T10:33:14.518Z] [INFO]: Escrow release worker started.
[2026-04-19T10:33:14.522Z] [INFO]: Server started on http://localhost:8000
[2026-04-19T10:33:15.649Z] [INFO]: Transporter is ready to send emails
[2026-04-19T10:33:16.521Z] [INFO]: API expiry cron job loaded successfully.
[2026-04-19T10:33:16.522Z] [INFO]: Escrow job queue loaded successfully.
[2026-04-19T10:33:16.540Z] [INFO]: Darkshop product maintenance job started.
[2026-04-19T10:33:16.543Z] [INFO]: Darkshop pending-order worker started.
[2026-04-19T10:33:16.545Z] [INFO]: [EscrowWorker] Started — checks every 5 minutes
[2026-04-19T10:33:16.545Z] [INFO]: Escrow release worker started.
[2026-04-19T10:33:16.551Z] [INFO]: Server started on http://localhost:8000
[2026-04-19T10:33:17.628Z] [INFO]: API expiry cron job loaded successfully.
[2026-04-19T10:33:17.630Z] [INFO]: Escrow job queue loaded successfully.
[2026-04-19T10:33:17.652Z] [INFO]: Darkshop product maintenance job started.
[2026-04-19T10:33:17.656Z] [INFO]: Darkshop pending-order worker started.
[2026-04-19T10:33:17.658Z] [INFO]: [EscrowWorker] Started — checks every 5 minutes
[2026-04-19T10:33:17.658Z] [INFO]: Escrow release worker started.
[2026-04-19T10:33:17.661Z] [INFO]: Server started on http://localhost:8000
[2026-04-19T10:33:19.356Z] [INFO]: Transporter is ready to send emails
[2026-04-19T10:33:23.758Z] [INFO]: API expiry alert sent to admin:
[2026-04-19T10:33:27.293Z] [INFO]: API expiry cron job loaded successfully.
[2026-04-19T10:33:27.294Z] [INFO]: Escrow job queue loaded successfully.
[2026-04-19T10:33:27.312Z] [INFO]: Darkshop product maintenance job started.
[2026-04-19T10:33:27.314Z] [INFO]: Darkshop pending-order worker started.
[2026-04-19T10:33:27.316Z] [INFO]: [EscrowWorker] Started — checks every 5 minutes
[2026-04-19T10:33:27.316Z] [INFO]: Escrow release worker started.
[2026-04-19T10:33:27.320Z] [INFO]: Server started on http://localhost:8000
[2026-04-19T10:33:28.367Z] [INFO]: Transporter is ready to send emails
[2026-04-19T10:33:31.450Z] [INFO]: API expiry cron job loaded successfully.
[2026-04-19T10:33:31.451Z] [INFO]: Escrow job queue loaded successfully.
[2026-04-19T10:33:31.471Z] [INFO]: Darkshop product maintenance job started.
[2026-04-19T10:33:31.474Z] [INFO]: Darkshop pending-order worker started.
[2026-04-19T10:33:31.476Z] [INFO]: [EscrowWorker] Started — checks every 5 minutes
[2026-04-19T10:33:31.477Z] [INFO]: Escrow release worker started.
[2026-04-19T10:33:31.482Z] [INFO]: Server started on http://localhost:8000
[2026-04-19T10:33:32.573Z] [INFO]: Transporter is ready to send emails
[2026-04-19T10:33:34.189Z] [INFO]: API expiry cron job loaded successfully.
[2026-04-19T10:33:34.191Z] [INFO]: Escrow job queue loaded successfully.
[2026-04-19T10:33:34.210Z] [INFO]: Darkshop product maintenance job started.
[2026-04-19T10:33:34.212Z] [INFO]: Darkshop pending-order worker started.
[2026-04-19T10:33:34.214Z] [INFO]: [EscrowWorker] Started — checks every 5 minutes
[2026-04-19T10:33:34.214Z] [INFO]: Escrow release worker started.
[2026-04-19T10:33:34.218Z] [INFO]: Server started on http://localhost:8000
[2026-04-19T10:33:36.138Z] [INFO]: Transporter is ready to send emails
[2026-04-19T10:33:44.168Z] [INFO]: API expiry alert sent to admin:
[2026-04-19T10:33:46.704Z] [INFO]: API expiry alert sent to admin:
[2026-04-19T10:33:50.615Z] [INFO]: API expiry cron job loaded successfully.
[2026-04-19T10:33:50.616Z] [INFO]: Escrow job queue loaded successfully.
[2026-04-19T10:33:50.633Z] [INFO]: Darkshop product maintenance job started.
[2026-04-19T10:33:50.635Z] [INFO]: Darkshop pending-order worker started.
[2026-04-19T10:33:50.637Z] [INFO]: [EscrowWorker] Started — checks every 5 minutes
[2026-04-19T10:33:50.637Z] [INFO]: Escrow release worker started.
[2026-04-19T10:33:50.640Z] [INFO]: Server started on http://localhost:8000
[2026-04-19T10:33:51.750Z] [INFO]: Transporter is ready to send emails
[2026-04-19T10:33:52.751Z] [INFO]: API expiry cron job loaded successfully.
[2026-04-19T10:33:52.752Z] [INFO]: Escrow job queue loaded successfully.
[2026-04-19T10:33:52.770Z] [INFO]: Darkshop product maintenance job started.
[2026-04-19T10:33:52.773Z] [INFO]: Darkshop pending-order worker started.
[2026-04-19T10:33:52.774Z] [INFO]: [EscrowWorker] Started — checks every 5 minutes
[2026-04-19T10:33:52.775Z] [INFO]: Escrow release worker started.
[2026-04-19T10:33:52.778Z] [INFO]: Server started on http://localhost:8000
[2026-04-19T10:33:53.865Z] [INFO]: Transporter is ready to send emails
[2026-04-19T10:33:54.504Z] [INFO]: API expiry cron job loaded successfully.
[2026-04-19T10:33:54.505Z] [INFO]: Escrow job queue loaded successfully.
[2026-04-19T10:33:54.527Z] [INFO]: Darkshop product maintenance job started.
[2026-04-19T10:33:54.529Z] [INFO]: Darkshop pending-order worker started.
[2026-04-19T10:33:54.532Z] [INFO]: [EscrowWorker] Started — checks every 5 minutes
[2026-04-19T10:33:54.532Z] [INFO]: Escrow release worker started.
[2026-04-19T10:33:54.536Z] [INFO]: Server started on http://localhost:8000
[2026-04-19T10:33:55.734Z] [INFO]: Transporter is ready to send emails
[2026-04-19T10:33:58.917Z] [INFO]: API expiry alert sent to admin:
[2026-04-19T10:34:01.614Z] [INFO]: API expiry alert sent to admin:
[2026-04-19T10:34:08.093Z] [INFO]: API expiry cron job loaded successfully.
[2026-04-19T10:34:08.094Z] [INFO]: Escrow job queue loaded successfully.
[2026-04-19T10:34:08.118Z] [INFO]: Darkshop product maintenance job started.
[2026-04-19T10:34:08.121Z] [INFO]: Darkshop pending-order worker started.
[2026-04-19T10:34:08.123Z] [INFO]: [EscrowWorker] Started — checks every 5 minutes
[2026-04-19T10:34:08.123Z] [INFO]: Escrow release worker started.
[2026-04-19T10:34:08.127Z] [INFO]: Server started on http://localhost:8000
[2026-04-19T10:34:09.203Z] [INFO]: Transporter is ready to send emails
[2026-04-19T10:34:12.297Z] [INFO]: API expiry cron job loaded successfully.
[2026-04-19T10:34:12.298Z] [INFO]: Escrow job queue loaded successfully.
[2026-04-19T10:34:12.320Z] [INFO]: Darkshop product maintenance job started.
[2026-04-19T10:34:12.323Z] [INFO]: Darkshop pending-order worker started.
[2026-04-19T10:34:12.325Z] [INFO]: [EscrowWorker] Started — checks every 5 minutes
[2026-04-19T10:34:12.325Z] [INFO]: Escrow release worker started.
[2026-04-19T10:34:12.330Z] [INFO]: Server started on http://localhost:8000
[2026-04-19T10:34:14.144Z] [INFO]: Transporter is ready to send emails
[2026-04-19T10:34:19.276Z] [INFO]: API expiry alert sent to admin:
[2026-04-19T10:34:22.013Z] [INFO]: API expiry alert sent to admin:
[2026-04-19T10:34:22.707Z] [INFO]: API expiry cron job loaded successfully.
[2026-04-19T10:34:22.708Z] [INFO]: Escrow job queue loaded successfully.
[2026-04-19T10:34:22.727Z] [INFO]: Darkshop product maintenance job started.
[2026-04-19T10:34:22.733Z] [INFO]: Darkshop pending-order worker started.
[2026-04-19T10:34:22.737Z] [INFO]: [EscrowWorker] Started — checks every 5 minutes
[2026-04-19T10:34:22.737Z] [INFO]: Escrow release worker started.
[2026-04-19T10:34:22.741Z] [INFO]: Server started on http://localhost:8000
[2026-04-19T10:34:23.829Z] [INFO]: Transporter is ready to send emails
[2026-04-19T10:34:24.487Z] [INFO]: API expiry cron job loaded successfully.
[2026-04-19T10:34:24.488Z] [INFO]: Escrow job queue loaded successfully.
[2026-04-19T10:34:24.511Z] [INFO]: Darkshop product maintenance job started.
[2026-04-19T10:34:24.514Z] [INFO]: Darkshop pending-order worker started.
[2026-04-19T10:34:24.516Z] [INFO]: [EscrowWorker] Started — checks every 5 minutes
[2026-04-19T10:34:24.517Z] [INFO]: Escrow release worker started.
[2026-04-19T10:34:24.520Z] [INFO]: Server started on http://localhost:8000
[2026-04-19T10:34:25.952Z] [INFO]: Transporter is ready to send emails
[2026-04-19T10:34:29.591Z] [INFO]: API expiry alert sent to admin:
[2026-04-19T10:34:34.226Z] [INFO]: API expiry alert sent to admin:
[2026-04-19T10:34:35.967Z] [INFO]: API expiry cron job loaded successfully.
[2026-04-19T10:34:35.968Z] [INFO]: Escrow job queue loaded successfully.
[2026-04-19T10:34:35.990Z] [INFO]: Darkshop product maintenance job started.
[2026-04-19T10:34:35.992Z] [INFO]: Darkshop pending-order worker started.
[2026-04-19T10:34:35.994Z] [INFO]: [EscrowWorker] Started — checks every 5 minutes
[2026-04-19T10:34:35.994Z] [INFO]: Escrow release worker started.
[2026-04-19T10:34:36.001Z] [INFO]: Server started on http://localhost:8000
[2026-04-19T10:34:37.267Z] [INFO]: Transporter is ready to send emails
[2026-04-19T10:34:39.020Z] [INFO]: API expiry cron job loaded successfully.
[2026-04-19T10:34:39.021Z] [INFO]: Escrow job queue loaded successfully.
[2026-04-19T10:34:39.042Z] [INFO]: Darkshop product maintenance job started.
[2026-04-19T10:34:39.048Z] [INFO]: Darkshop pending-order worker started.
[2026-04-19T10:34:39.050Z] [INFO]: [EscrowWorker] Started — checks every 5 minutes
[2026-04-19T10:34:39.050Z] [INFO]: Escrow release worker started.
[2026-04-19T10:34:39.054Z] [INFO]: Server started on http://localhost:8000
[2026-04-19T10:34:40.191Z] [INFO]: Transporter is ready to send emails
[2026-04-19T10:34:42.720Z] [INFO]: API expiry cron job loaded successfully.
[2026-04-19T10:34:42.721Z] [INFO]: Escrow job queue loaded successfully.
[2026-04-19T10:34:42.738Z] [INFO]: Darkshop product maintenance job started.
[2026-04-19T10:34:42.740Z] [INFO]: Darkshop pending-order worker started.
[2026-04-19T10:34:42.741Z] [INFO]: [EscrowWorker] Started — checks every 5 minutes
[2026-04-19T10:34:42.742Z] [INFO]: Escrow release worker started.
[2026-04-19T10:34:42.747Z] [INFO]: Server started on http://localhost:8000
[2026-04-19T10:34:44.238Z] [INFO]: Transporter is ready to send emails
[2026-04-19T10:34:48.775Z] [INFO]: API expiry alert sent to admin:
[2026-04-19T10:34:51.586Z] [INFO]: API expiry alert sent to admin:
[2026-04-19T10:34:55.272Z] [INFO]: API expiry cron job loaded successfully.
[2026-04-19T10:34:55.273Z] [INFO]: Escrow job queue loaded successfully.
[2026-04-19T10:34:55.294Z] [INFO]: Darkshop product maintenance job started.
[2026-04-19T10:34:55.296Z] [INFO]: Darkshop pending-order worker started.
[2026-04-19T10:34:55.299Z] [INFO]: [EscrowWorker] Started — checks every 5 minutes
[2026-04-19T10:34:55.300Z] [INFO]: Escrow release worker started.
[2026-04-19T10:34:55.306Z] [INFO]: Server started on http://localhost:8000
[2026-04-19T10:34:56.552Z] [INFO]: Transporter is ready to send emails
[2026-04-19T10:34:58.962Z] [INFO]: API expiry alert sent to admin:
[2026-04-19T10:35:00.057Z] [INFO]: API expiry cron job loaded successfully.
[2026-04-19T10:35:00.059Z] [INFO]: Escrow job queue loaded successfully.
[2026-04-19T10:35:00.081Z] [INFO]: Darkshop product maintenance job started.
[2026-04-19T10:35:00.084Z] [INFO]: Darkshop pending-order worker started.
[2026-04-19T10:35:00.086Z] [INFO]: [EscrowWorker] Started — checks every 5 minutes
[2026-04-19T10:35:00.086Z] [INFO]: Escrow release worker started.
[2026-04-19T10:35:00.090Z] [INFO]: Server started on http://localhost:8000
[2026-04-19T10:35:01.594Z] [INFO]: Transporter is ready to send emails
[2026-04-19T10:35:04.970Z] [INFO]: API expiry alert sent to admin:
[2026-04-19T10:35:07.921Z] [INFO]: API expiry alert sent to admin:
[2026-04-19T10:35:10.300Z] [INFO]: API expiry cron job loaded successfully.
[2026-04-19T10:35:10.301Z] [INFO]: Escrow job queue loaded successfully.
[2026-04-19T10:35:10.325Z] [INFO]: Darkshop product maintenance job started.
[2026-04-19T10:35:10.327Z] [INFO]: Darkshop pending-order worker started.
[2026-04-19T10:35:10.330Z] [INFO]: [EscrowWorker] Started — checks every 5 minutes
[2026-04-19T10:35:10.330Z] [INFO]: Escrow release worker started.
[2026-04-19T10:35:10.333Z] [INFO]: Server started on http://localhost:8000
[2026-04-19T10:35:11.986Z] [INFO]: Transporter is ready to send emails
[2026-04-19T10:35:13.744Z] [INFO]: API expiry cron job loaded successfully.
[2026-04-19T10:35:13.745Z] [INFO]: Escrow job queue loaded successfully.
[2026-04-19T10:35:13.765Z] [INFO]: Darkshop product maintenance job started.
[2026-04-19T10:35:13.769Z] [INFO]: Darkshop pending-order worker started.
[2026-04-19T10:35:13.771Z] [INFO]: [EscrowWorker] Started — checks every 5 minutes
[2026-04-19T10:35:13.771Z] [INFO]: Escrow release worker started.
[2026-04-19T10:35:13.775Z] [INFO]: Server started on http://localhost:8000
[2026-04-19T10:35:14.923Z] [INFO]: Transporter is ready to send emails
[2026-04-19T10:35:16.297Z] [INFO]: API expiry cron job loaded successfully.
[2026-04-19T10:35:16.298Z] [INFO]: Escrow job queue loaded successfully.
[2026-04-19T10:35:16.320Z] [INFO]: Darkshop product maintenance job started.
[2026-04-19T10:35:16.322Z] [INFO]: Darkshop pending-order worker started.
[2026-04-19T10:35:16.324Z] [INFO]: [EscrowWorker] Started — checks every 5 minutes
[2026-04-19T10:35:16.324Z] [INFO]: Escrow release worker started.
[2026-04-19T10:35:16.328Z] [INFO]: Server started on http://localhost:8000
[2026-04-19T10:35:18.231Z] [INFO]: Transporter is ready to send emails
[2026-04-19T10:35:22.850Z] [INFO]: API expiry alert sent to admin:
[2026-04-19T10:35:28.787Z] [INFO]: API expiry alert sent to admin:
[2026-04-19T10:35:32.726Z] [INFO]: API expiry cron job loaded successfully.
[2026-04-19T10:35:32.727Z] [INFO]: Escrow job queue loaded successfully.
[2026-04-19T10:35:32.750Z] [INFO]: Darkshop product maintenance job started.
[2026-04-19T10:35:32.752Z] [INFO]: Darkshop pending-order worker started.
[2026-04-19T10:35:32.754Z] [INFO]: [EscrowWorker] Started — checks every 5 minutes
[2026-04-19T10:35:32.754Z] [INFO]: Escrow release worker started.
[2026-04-19T10:35:32.758Z] [INFO]: Server started on http://localhost:8000
[2026-04-19T10:35:34.890Z] [INFO]: API expiry cron job loaded successfully.
[2026-04-19T10:35:34.891Z] [INFO]: Escrow job queue loaded successfully.
[2026-04-19T10:35:34.915Z] [INFO]: Darkshop product maintenance job started.
[2026-04-19T10:35:34.919Z] [INFO]: Darkshop pending-order worker started.
[2026-04-19T10:35:34.920Z] [INFO]: [EscrowWorker] Started — checks every 5 minutes
[2026-04-19T10:35:34.921Z] [INFO]: Escrow release worker started.
[2026-04-19T10:35:34.923Z] [INFO]: Server started on http://localhost:8000
[2026-04-19T10:35:36.747Z] [INFO]: Transporter is ready to send emails
[2026-04-19T10:35:40.956Z] [INFO]: API expiry alert sent to admin:
[2026-04-19T10:35:44.012Z] [INFO]: API expiry alert sent to admin:
[2026-04-19T10:35:48.962Z] [INFO]: API expiry cron job loaded successfully.
[2026-04-19T10:35:48.965Z] [INFO]: Escrow job queue loaded successfully.
[2026-04-19T10:35:48.987Z] [INFO]: Darkshop product maintenance job started.
[2026-04-19T10:35:48.989Z] [INFO]: Darkshop pending-order worker started.
[2026-04-19T10:35:48.992Z] [INFO]: [EscrowWorker] Started — checks every 5 minutes
[2026-04-19T10:35:48.993Z] [INFO]: Escrow release worker started.
[2026-04-19T10:35:48.997Z] [INFO]: Server started on http://localhost:8000
[2026-04-19T10:35:51.353Z] [INFO]: Transporter is ready to send emails
[2026-04-19T10:35:54.626Z] [INFO]: API expiry alert sent to admin:
[2026-04-19T10:35:59.230Z] [INFO]: API expiry alert sent to admin:
[2026-04-19T10:36:04.441Z] [INFO]: API expiry cron job loaded successfully.
[2026-04-19T10:36:04.442Z] [INFO]: Escrow job queue loaded successfully.
[2026-04-19T10:36:04.464Z] [INFO]: Darkshop product maintenance job started.
[2026-04-19T10:36:04.467Z] [INFO]: Darkshop pending-order worker started.
[2026-04-19T10:36:04.469Z] [INFO]: [EscrowWorker] Started — checks every 5 minutes
[2026-04-19T10:36:04.469Z] [INFO]: Escrow release worker started.
[2026-04-19T10:36:04.473Z] [INFO]: Server started on http://localhost:8000
[2026-04-19T10:36:06.355Z] [INFO]: Transporter is ready to send emails
[2026-04-19T10:36:11.629Z] [INFO]: API expiry alert sent to admin:
[2026-04-19T10:36:15.827Z] [INFO]: API expiry alert sent to admin:
[2026-04-19T10:36:21.169Z] [INFO]: API expiry cron job loaded successfully.
[2026-04-19T10:36:21.171Z] [INFO]: Escrow job queue loaded successfully.
[2026-04-19T10:36:21.191Z] [INFO]: Darkshop product maintenance job started.
[2026-04-19T10:36:21.193Z] [INFO]: Darkshop pending-order worker started.
[2026-04-19T10:36:21.196Z] [INFO]: [EscrowWorker] Started — checks every 5 minutes
[2026-04-19T10:36:21.196Z] [INFO]: Escrow release worker started.
[2026-04-19T10:36:21.201Z] [INFO]: Server started on http://localhost:8000
[2026-04-19T10:36:23.667Z] [INFO]: Transporter is ready to send emails
[2026-04-19T10:36:27.896Z] [INFO]: API expiry alert sent to admin:
[2026-04-19T10:36:34.019Z] [INFO]: API expiry alert sent to admin:
[2026-04-19T10:36:38.515Z] [INFO]: API expiry cron job loaded successfully.
[2026-04-19T10:36:38.516Z] [INFO]: Escrow job queue loaded successfully.
[2026-04-19T10:36:38.541Z] [INFO]: Darkshop product maintenance job started.
[2026-04-19T10:36:38.544Z] [INFO]: Darkshop pending-order worker started.
[2026-04-19T10:36:38.546Z] [INFO]: [EscrowWorker] Started — checks every 5 minutes
[2026-04-19T10:36:38.547Z] [INFO]: Escrow release worker started.
[2026-04-19T10:36:38.553Z] [INFO]: Server started on http://localhost:8000
[2026-04-19T10:36:40.534Z] [INFO]: Transporter is ready to send emails
[2026-04-19T10:36:41.329Z] [INFO]: API expiry cron job loaded successfully.
[2026-04-19T10:36:41.331Z] [INFO]: Escrow job queue loaded successfully.
[2026-04-19T10:36:41.355Z] [INFO]: Darkshop product maintenance job started.
[2026-04-19T10:36:41.357Z] [INFO]: Darkshop pending-order worker started.
[2026-04-19T10:36:41.359Z] [INFO]: [EscrowWorker] Started — checks every 5 minutes
[2026-04-19T10:36:41.359Z] [INFO]: Escrow release worker started.
[2026-04-19T10:36:41.363Z] [INFO]: Server started on http://localhost:8000
[2026-04-19T10:36:44.648Z] [INFO]: Transporter is ready to send emails
[2026-04-19T10:36:49.992Z] [INFO]: API expiry alert sent to admin:
[2026-04-19T10:36:54.833Z] [INFO]: API expiry alert sent to admin:
[2026-04-19T10:37:04.124Z] [INFO]: API expiry cron job loaded successfully.
[2026-04-19T10:37:04.125Z] [INFO]: Escrow job queue loaded successfully.
[2026-04-19T10:37:04.147Z] [INFO]: Darkshop product maintenance job started.
[2026-04-19T10:37:04.149Z] [INFO]: Darkshop pending-order worker started.
[2026-04-19T10:37:04.152Z] [INFO]: [EscrowWorker] Started — checks every 5 minutes
[2026-04-19T10:37:04.153Z] [INFO]: Escrow release worker started.
[2026-04-19T10:37:04.156Z] [INFO]: Server started on http://localhost:8000
[2026-04-19T10:37:05.342Z] [INFO]: Transporter is ready to send emails
[2026-04-19T10:37:07.979Z] [INFO]: API expiry cron job loaded successfully.
[2026-04-19T10:37:07.982Z] [INFO]: Escrow job queue loaded successfully.
[2026-04-19T10:37:08.003Z] [INFO]: Darkshop product maintenance job started.
[2026-04-19T10:37:08.005Z] [INFO]: Darkshop pending-order worker started.
[2026-04-19T10:37:08.007Z] [INFO]: [EscrowWorker] Started — checks every 5 minutes
[2026-04-19T10:37:08.007Z] [INFO]: Escrow release worker started.
[2026-04-19T10:37:08.011Z] [INFO]: Server started on http://localhost:8000
[2026-04-19T10:37:09.326Z] [INFO]: Transporter is ready to send emails
[2026-04-19T10:37:14.007Z] [INFO]: API expiry alert sent to admin:
[2026-04-19T10:37:16.722Z] [INFO]: API expiry alert sent to admin:
[2026-04-19T10:37:19.560Z] [INFO]: API expiry cron job loaded successfully.
[2026-04-19T10:37:19.562Z] [INFO]: Escrow job queue loaded successfully.
[2026-04-19T10:37:19.581Z] [INFO]: Darkshop product maintenance job started.
[2026-04-19T10:37:19.585Z] [INFO]: Darkshop pending-order worker started.
[2026-04-19T10:37:19.587Z] [INFO]: [EscrowWorker] Started — checks every 5 minutes
[2026-04-19T10:37:19.587Z] [INFO]: Escrow release worker started.
[2026-04-19T10:37:19.590Z] [INFO]: Server started on http://localhost:8000
[2026-04-19T10:37:21.191Z] [INFO]: API expiry cron job loaded successfully.
[2026-04-19T10:37:21.192Z] [INFO]: Escrow job queue loaded successfully.
[2026-04-19T10:37:21.211Z] [INFO]: Darkshop product maintenance job started.
[2026-04-19T10:37:21.214Z] [INFO]: Darkshop pending-order worker started.
[2026-04-19T10:37:21.216Z] [INFO]: [EscrowWorker] Started — checks every 5 minutes
[2026-04-19T10:37:21.217Z] [INFO]: Escrow release worker started.
[2026-04-19T10:37:21.220Z] [INFO]: Server started on http://localhost:8000
[2026-04-19T10:37:23.431Z] [INFO]: Transporter is ready to send emails
[2026-04-19T10:37:27.775Z] [INFO]: API expiry alert sent to admin:
[2026-04-19T10:37:31.470Z] [INFO]: API expiry alert sent to admin:
[2026-04-19T10:37:37.487Z] [INFO]: API expiry cron job loaded successfully.
[2026-04-19T10:37:37.488Z] [INFO]: Escrow job queue loaded successfully.
[2026-04-19T10:37:37.506Z] [INFO]: Darkshop product maintenance job started.
[2026-04-19T10:37:37.508Z] [INFO]: Darkshop pending-order worker started.
[2026-04-19T10:37:37.509Z] [INFO]: [EscrowWorker] Started — checks every 5 minutes
[2026-04-19T10:37:37.510Z] [INFO]: Escrow release worker started.
[2026-04-19T10:37:37.513Z] [INFO]: Server started on http://localhost:8000
[2026-04-19T10:37:38.535Z] [INFO]: Transporter is ready to send emails
[2026-04-19T10:37:41.235Z] [INFO]: API expiry alert sent to admin:
[2026-04-19T10:37:42.505Z] [INFO]: API expiry cron job loaded successfully.
[2026-04-19T10:37:42.506Z] [INFO]: Escrow job queue loaded successfully.
[2026-04-19T10:37:42.524Z] [INFO]: Darkshop product maintenance job started.
[2026-04-19T10:37:42.526Z] [INFO]: Darkshop pending-order worker started.
[2026-04-19T10:37:42.529Z] [INFO]: [EscrowWorker] Started — checks every 5 minutes
[2026-04-19T10:37:42.529Z] [INFO]: Escrow release worker started.
[2026-04-19T10:37:42.533Z] [INFO]: Server started on http://localhost:8000
[2026-04-19T10:37:44.625Z] [INFO]: Transporter is ready to send emails
[2026-04-19T10:37:49.147Z] [INFO]: API expiry alert sent to admin:
[2026-04-19T10:37:52.014Z] [INFO]: API expiry alert sent to admin:
[2026-04-19T10:37:57.362Z] [INFO]: API expiry cron job loaded successfully.
[2026-04-19T10:37:57.363Z] [INFO]: Escrow job queue loaded successfully.
[2026-04-19T10:37:57.380Z] [INFO]: Darkshop product maintenance job started.
[2026-04-19T10:37:57.383Z] [INFO]: Darkshop pending-order worker started.
[2026-04-19T10:37:57.385Z] [INFO]: [EscrowWorker] Started — checks every 5 minutes
[2026-04-19T10:37:57.385Z] [INFO]: Escrow release worker started.
[2026-04-19T10:37:57.388Z] [INFO]: Server started on http://localhost:8000
[2026-04-19T10:37:58.636Z] [INFO]: Transporter is ready to send emails
[2026-04-19T10:38:01.314Z] [INFO]: API expiry alert sent to admin:
[2026-04-19T10:38:03.693Z] [INFO]: API expiry alert sent to admin:
[2026-04-19T10:38:08.029Z] [INFO]: API expiry cron job loaded successfully.
[2026-04-19T10:38:08.031Z] [INFO]: Escrow job queue loaded successfully.
[2026-04-19T10:38:08.049Z] [INFO]: Darkshop product maintenance job started.
[2026-04-19T10:38:08.052Z] [INFO]: Darkshop pending-order worker started.
[2026-04-19T10:38:08.055Z] [INFO]: [EscrowWorker] Started — checks every 5 minutes
[2026-04-19T10:38:08.056Z] [INFO]: Escrow release worker started.
[2026-04-19T10:38:08.060Z] [INFO]: Server started on http://localhost:8000
[2026-04-19T10:38:09.916Z] [INFO]: Transporter is ready to send emails
[2026-04-19T10:38:15.308Z] [INFO]: API expiry alert sent to admin:
[2026-04-19T10:38:19.119Z] [INFO]: API expiry alert sent to admin:
[2026-04-19T10:41:16.571Z] [INFO]: API expiry cron job loaded successfully.
[2026-04-19T10:41:16.572Z] [INFO]: Escrow job queue loaded successfully.
[2026-04-19T10:41:16.593Z] [INFO]: Darkshop product maintenance job started.
[2026-04-19T10:41:16.595Z] [INFO]: Darkshop pending-order worker started.
[2026-04-19T10:41:16.598Z] [INFO]: [EscrowWorker] Started — checks every 5 minutes
[2026-04-19T10:41:16.599Z] [INFO]: Escrow release worker started.
[2026-04-19T10:41:16.603Z] [INFO]: Server started on http://localhost:8000
[2026-04-19T10:41:19.051Z] [INFO]: Transporter is ready to send emails
[2026-04-19T10:41:22.772Z] [INFO]: API expiry alert sent to admin:
[2026-04-19T10:41:25.812Z] [INFO]: API expiry alert sent to admin:
[2026-04-19T10:44:06.088Z] [INFO]: API expiry cron job loaded successfully.
[2026-04-19T10:44:06.089Z] [INFO]: Escrow job queue loaded successfully.
[2026-04-19T10:44:06.105Z] [INFO]: Darkshop product maintenance job started.
[2026-04-19T10:44:06.108Z] [INFO]: Darkshop pending-order worker started.
[2026-04-19T10:44:06.112Z] [INFO]: [EscrowWorker] Started — checks every 5 minutes
[2026-04-19T10:44:06.112Z] [INFO]: Escrow release worker started.
[2026-04-19T10:44:06.116Z] [INFO]: Server started on http://localhost:8000
[2026-04-19T10:44:10.934Z] [INFO]: Transporter is ready to send emails
[2026-04-19T10:44:16.071Z] [INFO]: API expiry alert sent to admin:
[2026-04-19T10:44:22.392Z] [INFO]: API expiry alert sent to admin:
[2026-04-19T10:45:42.404Z] [INFO]: API expiry cron job loaded successfully.
[2026-04-19T10:45:42.405Z] [INFO]: Escrow job queue loaded successfully.
[2026-04-19T10:45:42.422Z] [INFO]: Darkshop product maintenance job started.
[2026-04-19T10:45:42.423Z] [INFO]: Darkshop pending-order worker started.
[2026-04-19T10:45:42.425Z] [INFO]: [EscrowWorker] Started — checks every 5 minutes
[2026-04-19T10:45:42.425Z] [INFO]: Escrow release worker started.
[2026-04-19T10:45:42.429Z] [INFO]: Server started on http://localhost:8000
[2026-04-19T10:45:45.007Z] [INFO]: Transporter is ready to send emails
[2026-04-19T10:45:49.474Z] [INFO]: API expiry alert sent to admin:
[2026-04-19T10:45:52.393Z] [INFO]: API expiry alert sent to admin:
[2026-04-19T11:18:09.928Z] [INFO]: API expiry cron job loaded successfully.
[2026-04-19T11:18:09.929Z] [INFO]: Escrow job queue loaded successfully.
[2026-04-19T11:18:09.958Z] [INFO]: Darkshop product maintenance job started.
[2026-04-19T11:18:09.960Z] [INFO]: Darkshop pending-order worker started.
[2026-04-19T11:18:09.962Z] [INFO]: [EscrowWorker] Started — checks every 5 minutes
[2026-04-19T11:18:09.963Z] [INFO]: Escrow release worker started.
[2026-04-19T11:18:09.969Z] [INFO]: Server started on http://localhost:8000
[2026-04-19T11:18:12.520Z] [INFO]: Transporter is ready to send emails
[2026-04-19T11:18:15.250Z] [INFO]: API expiry alert sent to admin:
[2026-04-19T11:18:18.891Z] [INFO]: API expiry alert sent to admin:
[2026-04-19T11:18:53.607Z] [INFO]: Login notification email sent:
[2026-04-19T11:20:48.377Z] [INFO]: API expiry cron job loaded successfully.
[2026-04-19T11:20:48.378Z] [INFO]: Escrow job queue loaded successfully.
[2026-04-19T11:20:48.401Z] [INFO]: Darkshop product maintenance job started.
[2026-04-19T11:20:48.405Z] [INFO]: Darkshop pending-order worker started.
[2026-04-19T11:20:48.407Z] [INFO]: [EscrowWorker] Started — checks every 5 minutes
[2026-04-19T11:20:48.408Z] [INFO]: Escrow release worker started.
[2026-04-19T11:20:48.411Z] [INFO]: Server started on http://localhost:8000
[2026-04-19T11:20:49.667Z] [INFO]: Transporter is ready to send emails
[2026-04-19T11:20:52.711Z] [INFO]: API expiry alert sent to admin:
[2026-04-19T11:20:56.388Z] [INFO]: API expiry alert sent to admin:
[2026-04-19T11:21:26.053Z] [INFO]: API expiry cron job loaded successfully.
[2026-04-19T11:21:26.054Z] [INFO]: Escrow job queue loaded successfully.
[2026-04-19T11:21:26.072Z] [INFO]: Darkshop product maintenance job started.
[2026-04-19T11:21:26.074Z] [INFO]: Darkshop pending-order worker started.
[2026-04-19T11:21:26.077Z] [INFO]: [EscrowWorker] Started — checks every 5 minutes
[2026-04-19T11:21:26.078Z] [INFO]: Escrow release worker started.
[2026-04-19T11:21:26.081Z] [INFO]: Server started on http://localhost:8000
[2026-04-19T11:21:27.202Z] [INFO]: Transporter is ready to send emails
[2026-04-19T11:21:30.256Z] [INFO]: API expiry alert sent to admin:
[2026-04-19T11:21:35.367Z] [INFO]: API expiry alert sent to admin:
[2026-04-19T11:49:05.004Z] [INFO]: Login notification email sent:
